[message-bus-kafka-emulator] 2026/06/13 21:51:33.998792 [INFO] Инициализация шины данных оффлайн-логов Message Bus (Apache Kafka Go Emulator)...
[message-bus-kafka-emulator] 2026/06/13 21:51:34.040235 [INFO] gRPC Kafka-Шина данных успешно запущена на :9092
[message-bus-kafka-emulator] 2026/06/13 21:51:39.481175 [INFO] Получен системный сигнал ядра Linux [interrupt]. Инициирован Graceful Shutdown...
[message-bus-kafka-emulator] 2026/06/13 21:51:39.485247 [INFO] Все сетевые сокеты и gRPC соединения успешно закрыты. Сервер остановлен штатно.
[message-bus-kafka-emulator] 2026/06/14 11:00:12.304081 [INFO] Инициализация шины данных оффлайн-логов Message Bus (Apache Kafka Go Emulator)...
[message-bus-kafka-emulator] 2026/06/14 11:00:12.309265 [INFO] gRPC Kafka-Шина данных успешно запущена на :9092
[message-bus-kafka-emulator] 2026/06/14 11:00:58.615405 [INFO] RPC SUCCESS [Method: /pb.DiameterGz/StreamCdrLogs] | Latency: 0s | Code: OK
[message-bus-kafka-emulator] 2026/06/14 11:00:58.615405 [INFO] RPC SUCCESS [Method: /pb.DiameterGz/StreamCdrLogs] | Latency: 0s | Code: OK
[message-bus-kafka-emulator] 2026/06/14 11:01:00.061720 [INFO] RPC SUCCESS [Method: /pb.DiameterGz/StreamCdrLogs] | Latency: 0s | Code: OK
[message-bus-kafka-emulator] 2026/06/14 11:01:00.368920 [INFO] RPC SUCCESS [Method: /pb.DiameterGz/StreamCdrLogs] | Latency: 0s | Code: OK
[message-bus-kafka-emulator] 2026/06/14 11:01:01.631583 [INFO] RPC SUCCESS [Method: /pb.DiameterGz/StreamCdrLogs] | Latency: 0s | Code: OK
[message-bus-kafka-emulator] 2026/06/14 11:01:02.129025 [INFO] RPC SUCCESS [Method: /pb.DiameterGz/StreamCdrLogs] | Latency: 0s | Code: OK
[message-bus-kafka-emulator] 2026/06/14 11:01:03.412797 [INFO] RPC SUCCESS [Method: /pb.DiameterGz/StreamCdrLogs] | Latency: 0s | Code: OK
[message-bus-kafka-emulator] 2026/06/14 11:01:27.851671 [INFO] RPC SUCCESS [Method: /pb.DiameterGz/StreamCdrLogs] | Latency: 0s | Code: OK
[message-bus-kafka-emulator] 2026/06/14 11:01:27.851671 [INFO] RPC SUCCESS [Method: /pb.DiameterGz/StreamCdrLogs] | Latency: 0s | Code: OK
[message-bus-kafka-emulator] 2026/06/14 11:02:27.618110 [INFO] Получен системный сигнал ядра Linux [interrupt]. Инициирован Graceful Shutdown...
[message-bus-kafka-emulator] 2026/06/14 11:02:27.619111 [INFO] Все сетевые сокеты и gRPC соединения успешно закрыты. Сервер остановлен штатно.
[message-bus-kafka-emulator] 2026/06/14 11:54:39.575432 [INFO] Инициализация шины данных оффлайн-логов Message Bus (Apache Kafka Go Emulator)...
[message-bus-kafka-emulator] 2026/06/14 11:54:39.578254 [INFO] gRPC Kafka-Шина данных успешно запущена на :9092
[message-bus-kafka-emulator] 2026/06/14 11:54:44.618308 [INFO] RPC SUCCESS [Method: /pb.DiameterGz/StreamCdrLogs] | Latency: 0s | Code: OK
[message-bus-kafka-emulator] 2026/06/14 11:54:44.619370 [INFO] RPC SUCCESS [Method: /pb.DiameterGz/StreamCdrLogs] | Latency: 0s | Code: OK
[message-bus-kafka-emulator] 2026/06/14 11:54:46.107637 [INFO] RPC SUCCESS [Method: /pb.DiameterGz/StreamCdrLogs] | Latency: 0s | Code: OK
[message-bus-kafka-emulator] 2026/06/14 11:54:46.246053 [INFO] RPC SUCCESS [Method: /pb.DiameterGz/StreamCdrLogs] | Latency: 0s | Code: OK
[message-bus-kafka-emulator] 2026/06/14 11:54:47.447280 [INFO] RPC SUCCESS [Method: /pb.DiameterGz/StreamCdrLogs] | Latency: 0s | Code: OK
[message-bus-kafka-emulator] 2026/06/14 11:54:47.626441 [INFO] RPC SUCCESS [Method: /pb.DiameterGz/StreamCdrLogs] | Latency: 0s | Code: OK
[message-bus-kafka-emulator] 2026/06/14 11:54:48.994673 [INFO] RPC SUCCESS [Method: /pb.DiameterGz/StreamCdrLogs] | Latency: 0s | Code: OK
[message-bus-kafka-emulator] 2026/06/14 11:54:49.341832 [INFO] RPC SUCCESS [Method: /pb.DiameterGz/StreamCdrLogs] | Latency: 0s | Code: OK
[message-bus-kafka-emulator] 2026/06/14 11:54:50.459663 [INFO] RPC SUCCESS [Method: /pb.DiameterGz/StreamCdrLogs] | Latency: 0s | Code: OK
[message-bus-kafka-emulator] 2026/06/14 11:54:50.551780 [INFO] RPC SUCCESS [Method: /pb.DiameterGz/StreamCdrLogs] | Latency: 0s | Code: OK
[message-bus-kafka-emulator] 2026/06/14 11:54:51.478017 [INFO] RPC SUCCESS [Method: /pb.DiameterGz/StreamCdrLogs] | Latency: 0s | Code: OK
[message-bus-kafka-emulator] 2026/06/14 11:54:52.091941 [INFO] RPC SUCCESS [Method: /pb.DiameterGz/StreamCdrLogs] | Latency: 0s | Code: OK
[message-bus-kafka-emulator] 2026/06/14 11:54:52.494108 [INFO] RPC SUCCESS [Method: /pb.DiameterGz/StreamCdrLogs] | Latency: 0s | Code: OK
[message-bus-kafka-emulator] 2026/06/14 11:54:53.287465 [INFO] RPC SUCCESS [Method: /pb.DiameterGz/StreamCdrLogs] | Latency: 0s | Code: OK
[message-bus-kafka-emulator] 2026/06/14 11:54:53.532149 [INFO] RPC SUCCESS [Method: /pb.DiameterGz/StreamCdrLogs] | Latency: 0s | Code: OK
[message-bus-kafka-emulator] 2026/06/14 11:54:54.514956 [INFO] RPC SUCCESS [Method: /pb.DiameterGz/StreamCdrLogs] | Latency: 0s | Code: OK
[message-bus-kafka-emulator] 2026/06/14 11:54:54.615717 [INFO] RPC SUCCESS [Method: /pb.DiameterGz/StreamCdrLogs] | Latency: 0s | Code: OK
[message-bus-kafka-emulator] 2026/06/14 11:54:55.993564 [INFO] RPC SUCCESS [Method: /pb.DiameterGz/StreamCdrLogs] | Latency: 0s | Code: OK
[message-bus-kafka-emulator] 2026/06/14 11:54:56.360994 [INFO] RPC SUCCESS [Method: /pb.DiameterGz/StreamCdrLogs] | Latency: 0s | Code: OK
[message-bus-kafka-emulator] 2026/06/14 11:54:57.071496 [INFO] RPC SUCCESS [Method: /pb.DiameterGz/StreamCdrLogs] | Latency: 0s | Code: OK
[message-bus-kafka-emulator] 2026/06/14 11:54:58.088891 [INFO] RPC SUCCESS [Method: /pb.DiameterGz/StreamCdrLogs] | Latency: 0s | Code: OK
[message-bus-kafka-emulator] 2026/06/14 11:54:58.370005 [INFO] RPC SUCCESS [Method: /pb.DiameterGz/StreamCdrLogs] | Latency: 0s | Code: OK
[message-bus-kafka-emulator] 2026/06/14 11:54:59.328663 [INFO] RPC SUCCESS [Method: /pb.DiameterGz/StreamCdrLogs] | Latency: 0s | Code: OK
[message-bus-kafka-emulator] 2026/06/14 11:54:59.973937 [INFO] RPC SUCCESS [Method: /pb.DiameterGz/StreamCdrLogs] | Latency: 0s | Code: OK
[message-bus-kafka-emulator] 2026/06/14 11:55:00.638442 [INFO] RPC SUCCESS [Method: /pb.DiameterGz/StreamCdrLogs] | Latency: 0s | Code: OK
[message-bus-kafka-emulator] 2026/06/14 11:55:00.983207 [INFO] RPC SUCCESS [Method: /pb.DiameterGz/StreamCdrLogs] | Latency: 0s | Code: OK
[message-bus-kafka-emulator] 2026/06/14 11:55:01.655438 [INFO] RPC SUCCESS [Method: /pb.DiameterGz/StreamCdrLogs] | Latency: 0s | Code: OK
[message-bus-kafka-emulator] 2026/06/14 11:55:02.112731 [INFO] RPC SUCCESS [Method: /pb.DiameterGz/StreamCdrLogs] | Latency: 0s | Code: OK
[message-bus-kafka-emulator] 2026/06/14 11:55:03.543908 [INFO] RPC SUCCESS [Method: /pb.DiameterGz/StreamCdrLogs] | Latency: 0s | Code: OK
[message-bus-kafka-emulator] 2026/06/14 11:55:04.044430 [INFO] RPC SUCCESS [Method: /pb.DiameterGz/StreamCdrLogs] | Latency: 0s | Code: OK
[message-bus-kafka-emulator] 2026/06/14 11:55:04.793656 [INFO] RPC SUCCESS [Method: /pb.DiameterGz/StreamCdrLogs] | Latency: 0s | Code: OK
[message-bus-kafka-emulator] 2026/06/14 11:55:05.198425 [INFO] RPC SUCCESS [Method: /pb.DiameterGz/StreamCdrLogs] | Latency: 0s | Code: OK
[message-bus-kafka-emulator] 2026/06/14 11:55:06.024616 [INFO] RPC SUCCESS [Method: /pb.DiameterGz/StreamCdrLogs] | Latency: 0s | Code: OK
[message-bus-kafka-emulator] 2026/06/14 11:55:06.603024 [INFO] RPC SUCCESS [Method: /pb.DiameterGz/StreamCdrLogs] | Latency: 0s | Code: OK
[message-bus-kafka-emulator] 2026/06/14 11:55:07.243921 [INFO] RPC SUCCESS [Method: /pb.DiameterGz/StreamCdrLogs] | Latency: 0s | Code: OK
[message-bus-kafka-emulator] 2026/06/14 11:55:07.921766 [INFO] RPC SUCCESS [Method: /pb.DiameterGz/StreamCdrLogs] | Latency: 0s | Code: OK
[message-bus-kafka-emulator] 2026/06/14 11:55:08.926147 [INFO] RPC SUCCESS [Method: /pb.DiameterGz/StreamCdrLogs] | Latency: 0s | Code: OK
[message-bus-kafka-emulator] 2026/06/14 11:55:09.401779 [INFO] RPC SUCCESS [Method: /pb.DiameterGz/StreamCdrLogs] | Latency: 0s | Code: OK
[message-bus-kafka-emulator] 2026/06/14 11:55:10.471526 [INFO] RPC SUCCESS [Method: /pb.DiameterGz/StreamCdrLogs] | Latency: 0s | Code: OK
[message-bus-kafka-emulator] 2026/06/14 11:55:10.709715 [INFO] RPC SUCCESS [Method: /pb.DiameterGz/StreamCdrLogs] | Latency: 0s | Code: OK
[message-bus-kafka-emulator] 2026/06/14 11:55:11.510228 [INFO] RPC SUCCESS [Method: /pb.DiameterGz/StreamCdrLogs] | Latency: 0s | Code: OK
[message-bus-kafka-emulator] 2026/06/14 11:55:12.241298 [INFO] RPC SUCCESS [Method: /pb.DiameterGz/StreamCdrLogs] | Latency: 0s | Code: OK
[message-bus-kafka-emulator] 2026/06/14 11:55:12.939513 [INFO] RPC SUCCESS [Method: /pb.DiameterGz/StreamCdrLogs] | Latency: 0s | Code: OK
[message-bus-kafka-emulator] 2026/06/14 11:55:14.128589 [INFO] RPC SUCCESS [Method: /pb.DiameterGz/StreamCdrLogs] | Latency: 0s | Code: OK
[message-bus-kafka-emulator] 2026/06/14 11:55:14.406001 [INFO] RPC SUCCESS [Method: /pb.DiameterGz/StreamCdrLogs] | Latency: 0s | Code: OK
[message-bus-kafka-emulator] 2026/06/14 11:55:16.397693 [INFO] RPC SUCCESS [Method: /pb.DiameterGz/StreamCdrLogs] | Latency: 0s | Code: OK
[message-bus-kafka-emulator] 2026/06/14 11:55:17.141823 [INFO] RPC SUCCESS [Method: /pb.DiameterGz/StreamCdrLogs] | Latency: 0s | Code: OK
[message-bus-kafka-emulator] 2026/06/14 11:55:18.212760 [INFO] RPC SUCCESS [Method: /pb.DiameterGz/StreamCdrLogs] | Latency: 0s | Code: OK
[message-bus-kafka-emulator] 2026/06/14 11:55:18.366081 [INFO] RPC SUCCESS [Method: /pb.DiameterGz/StreamCdrLogs] | Latency: 0s | Code: OK
[message-bus-kafka-emulator] 2026/06/14 11:55:18.932064 [INFO] Получен системный сигнал ядра Linux [interrupt]. Инициирован Graceful Shutdown...
[message-bus-kafka-emulator] 2026/06/14 11:55:18.961947 [INFO] Все сетевые сокеты и gRPC соединения успешно закрыты. Сервер остановлен штатно.
[message-bus-kafka-emulator] 2026/06/14 11:56:04.025174 [INFO] Инициализация шины данных оффлайн-логов Message Bus (Apache Kafka Go Emulator)...
[message-bus-kafka-emulator] 2026/06/14 11:56:04.028406 [INFO] gRPC Kafka-Шина данных успешно запущена на :9092
[message-bus-kafka-emulator] 2026/06/14 11:56:10.474031 [INFO] RPC SUCCESS [Method: /pb.DiameterGz/StreamCdrLogs] | Latency: 0s | Code: OK
[message-bus-kafka-emulator] 2026/06/14 11:56:10.474576 [INFO] RPC SUCCESS [Method: /pb.DiameterGz/StreamCdrLogs] | Latency: 0s | Code: OK
[message-bus-kafka-emulator] 2026/06/14 11:56:11.701822 [INFO] RPC SUCCESS [Method: /pb.DiameterGz/StreamCdrLogs] | Latency: 0s | Code: OK
[message-bus-kafka-emulator] 2026/06/14 11:56:12.189651 [INFO] RPC SUCCESS [Method: /pb.DiameterGz/StreamCdrLogs] | Latency: 0s | Code: OK
[message-bus-kafka-emulator] 2026/06/14 11:56:13.227411 [INFO] RPC SUCCESS [Method: /pb.DiameterGz/StreamCdrLogs] | Latency: 0s | Code: OK
[message-bus-kafka-emulator] 2026/06/14 11:56:13.274814 [INFO] RPC SUCCESS [Method: /pb.DiameterGz/StreamCdrLogs] | Latency: 0s | Code: OK
[message-bus-kafka-emulator] 2026/06/14 11:56:14.382297 [INFO] RPC SUCCESS [Method: /pb.DiameterGz/StreamCdrLogs] | Latency: 0s | Code: OK
[message-bus-kafka-emulator] 2026/06/14 11:56:15.224752 [INFO] RPC SUCCESS [Method: /pb.DiameterGz/StreamCdrLogs] | Latency: 0s | Code: OK
[message-bus-kafka-emulator] 2026/06/14 11:56:15.486012 [INFO] RPC SUCCESS [Method: /pb.DiameterGz/StreamCdrLogs] | Latency: 0s | Code: OK
[message-bus-kafka-emulator] 2026/06/14 11:56:16.561009 [INFO] RPC SUCCESS [Method: /pb.DiameterGz/StreamCdrLogs] | Latency: 0s | Code: OK
[message-bus-kafka-emulator] 2026/06/14 11:56:17.463291 [INFO] RPC SUCCESS [Method: /pb.DiameterGz/StreamCdrLogs] | Latency: 0s | Code: OK
[message-bus-kafka-emulator] 2026/06/14 11:56:18.026460 [INFO] RPC SUCCESS [Method: /pb.DiameterGz/StreamCdrLogs] | Latency: 0s | Code: OK
[message-bus-kafka-emulator] 2026/06/14 11:56:18.513756 [INFO] RPC SUCCESS [Method: /pb.DiameterGz/StreamCdrLogs] | Latency: 0s | Code: OK
[message-bus-kafka-emulator] 2026/06/14 11:56:19.528876 [INFO] RPC SUCCESS [Method: /pb.DiameterGz/StreamCdrLogs] | Latency: 0s | Code: OK
[message-bus-kafka-emulator] 2026/06/14 11:56:19.865623 [INFO] RPC SUCCESS [Method: /pb.DiameterGz/StreamCdrLogs] | Latency: 0s | Code: OK
[message-bus-kafka-emulator] 2026/06/14 11:56:21.200155 [INFO] RPC SUCCESS [Method: /pb.DiameterGz/StreamCdrLogs] | Latency: 0s | Code: OK
[message-bus-kafka-emulator] 2026/06/14 11:56:21.317361 [INFO] RPC SUCCESS [Method: /pb.DiameterGz/StreamCdrLogs] | Latency: 0s | Code: OK
[message-bus-kafka-emulator] 2026/06/14 11:56:22.240379 [INFO] RPC SUCCESS [Method: /pb.DiameterGz/StreamCdrLogs] | Latency: 0s | Code: OK
[message-bus-kafka-emulator] 2026/06/14 11:56:23.028472 [INFO] RPC SUCCESS [Method: /pb.DiameterGz/StreamCdrLogs] | Latency: 0s | Code: OK
[message-bus-kafka-emulator] 2026/06/14 11:56:23.646368 [INFO] RPC SUCCESS [Method: /pb.DiameterGz/StreamCdrLogs] | Latency: 0s | Code: OK
[message-bus-kafka-emulator] 2026/06/14 11:56:24.959303 [INFO] RPC SUCCESS [Method: /pb.DiameterGz/StreamCdrLogs] | Latency: 0s | Code: OK
[message-bus-kafka-emulator] 2026/06/14 11:56:25.274156 [INFO] RPC SUCCESS [Method: /pb.DiameterGz/StreamCdrLogs] | Latency: 0s | Code: OK
[message-bus-kafka-emulator] 2026/06/14 11:56:26.812048 [INFO] RPC SUCCESS [Method: /pb.DiameterGz/StreamCdrLogs] | Latency: 0s | Code: OK
[message-bus-kafka-emulator] 2026/06/14 11:56:26.917131 [INFO] RPC SUCCESS [Method: /pb.DiameterGz/StreamCdrLogs] | Latency: 0s | Code: OK
[message-bus-kafka-emulator] 2026/06/14 11:56:27.826196 [INFO] RPC SUCCESS [Method: /pb.DiameterGz/StreamCdrLogs] | Latency: 0s | Code: OK
[message-bus-kafka-emulator] 2026/06/14 11:56:28.080622 [INFO] RPC SUCCESS [Method: /pb.DiameterGz/StreamCdrLogs] | Latency: 0s | Code: OK
[message-bus-kafka-emulator] 2026/06/14 11:56:29.123351 [INFO] RPC SUCCESS [Method: /pb.DiameterGz/StreamCdrLogs] | Latency: 0s | Code: OK
[message-bus-kafka-emulator] 2026/06/14 11:56:29.245782 [INFO] RPC SUCCESS [Method: /pb.DiameterGz/StreamCdrLogs] | Latency: 0s | Code: OK
[message-bus-kafka-emulator] 2026/06/14 11:56:30.923948 [INFO] RPC SUCCESS [Method: /pb.DiameterGz/StreamCdrLogs] | Latency: 0s | Code: OK
[message-bus-kafka-emulator] 2026/06/14 11:56:31.018982 [INFO] RPC SUCCESS [Method: /pb.DiameterGz/StreamCdrLogs] | Latency: 0s | Code: OK
[message-bus-kafka-emulator] 2026/06/14 11:56:32.518279 [INFO] RPC SUCCESS [Method: /pb.DiameterGz/StreamCdrLogs] | Latency: 0s | Code: OK
[message-bus-kafka-emulator] 2026/06/14 11:56:32.546727 [INFO] RPC SUCCESS [Method: /pb.DiameterGz/StreamCdrLogs] | Latency: 0s | Code: OK
[message-bus-kafka-emulator] 2026/06/14 11:56:33.662546 [INFO] RPC SUCCESS [Method: /pb.DiameterGz/StreamCdrLogs] | Latency: 0s | Code: OK
[message-bus-kafka-emulator] 2026/06/14 11:56:33.986519 [INFO] RPC SUCCESS [Method: /pb.DiameterGz/StreamCdrLogs] | Latency: 0s | Code: OK
[message-bus-kafka-emulator] 2026/06/14 11:56:35.888836 [INFO] RPC SUCCESS [Method: /pb.DiameterGz/StreamCdrLogs] | Latency: 0s | Code: OK
[message-bus-kafka-emulator] 2026/06/14 11:56:37.336030 [INFO] RPC SUCCESS [Method: /pb.DiameterGz/StreamCdrLogs] | Latency: 0s | Code: OK
[message-bus-kafka-emulator] 2026/06/14 11:56:37.552174 [INFO] RPC SUCCESS [Method: /pb.DiameterGz/StreamCdrLogs] | Latency: 0s | Code: OK
[message-bus-kafka-emulator] 2026/06/14 11:56:38.801757 [INFO] RPC SUCCESS [Method: /pb.DiameterGz/StreamCdrLogs] | Latency: 0s | Code: OK
[message-bus-kafka-emulator] 2026/06/14 11:56:38.935306 [INFO] RPC SUCCESS [Method: /pb.DiameterGz/StreamCdrLogs] | Latency: 0s | Code: OK
[message-bus-kafka-emulator] 2026/06/14 11:56:40.383011 [INFO] RPC SUCCESS [Method: /pb.DiameterGz/StreamCdrLogs] | Latency: 0s | Code: OK
[message-bus-kafka-emulator] 2026/06/14 11:56:40.744171 [INFO] RPC SUCCESS [Method: /pb.DiameterGz/StreamCdrLogs] | Latency: 0s | Code: OK
[message-bus-kafka-emulator] 2026/06/14 11:56:41.398267 [INFO] RPC SUCCESS [Method: /pb.DiameterGz/StreamCdrLogs] | Latency: 0s | Code: OK
[message-bus-kafka-emulator] 2026/06/14 11:56:42.218913 [INFO] RPC SUCCESS [Method: /pb.DiameterGz/StreamCdrLogs] | Latency: 0s | Code: OK
[message-bus-kafka-emulator] 2026/06/14 11:56:42.946741 [INFO] RPC SUCCESS [Method: /pb.DiameterGz/StreamCdrLogs] | Latency: 0s | Code: OK
[message-bus-kafka-emulator] 2026/06/14 11:56:43.567815 [INFO] RPC SUCCESS [Method: /pb.DiameterGz/StreamCdrLogs] | Latency: 0s | Code: OK
[message-bus-kafka-emulator] 2026/06/14 11:56:44.511459 [INFO] RPC SUCCESS [Method: /pb.DiameterGz/StreamCdrLogs] | Latency: 0s | Code: OK
[message-bus-kafka-emulator] 2026/06/14 11:56:44.618368 [INFO] RPC SUCCESS [Method: /pb.DiameterGz/StreamCdrLogs] | Latency: 0s | Code: OK
[message-bus-kafka-emulator] 2026/06/14 11:56:45.698656 [INFO] RPC SUCCESS [Method: /pb.DiameterGz/StreamCdrLogs] | Latency: 0s | Code: OK
[message-bus-kafka-emulator] 2026/06/14 11:56:46.559859 [INFO] RPC SUCCESS [Method: /pb.DiameterGz/StreamCdrLogs] | Latency: 0s | Code: OK
[message-bus-kafka-emulator] 2026/06/14 11:56:47.594876 [INFO] RPC SUCCESS [Method: /pb.DiameterGz/StreamCdrLogs] | Latency: 0s | Code: OK
[message-bus-kafka-emulator] 2026/06/14 11:56:48.266007 [INFO] RPC SUCCESS [Method: /pb.DiameterGz/StreamCdrLogs] | Latency: 0s | Code: OK
[message-bus-kafka-emulator] 2026/06/14 11:56:48.856781 [INFO] RPC SUCCESS [Method: /pb.DiameterGz/StreamCdrLogs] | Latency: 0s | Code: OK
[message-bus-kafka-emulator] 2026/06/14 11:56:49.646320 [INFO] RPC SUCCESS [Method: /pb.DiameterGz/StreamCdrLogs] | Latency: 0s | Code: OK
[message-bus-kafka-emulator] 2026/06/14 11:56:49.987640 [INFO] RPC SUCCESS [Method: /pb.DiameterGz/StreamCdrLogs] | Latency: 0s | Code: OK
[message-bus-kafka-emulator] 2026/06/14 11:56:50.988224 [INFO] RPC SUCCESS [Method: /pb.DiameterGz/StreamCdrLogs] | Latency: 0s | Code: OK
[message-bus-kafka-emulator] 2026/06/14 11:56:51.542031 [INFO] RPC SUCCESS [Method: /pb.DiameterGz/StreamCdrLogs] | Latency: 0s | Code: OK
[message-bus-kafka-emulator] 2026/06/14 11:56:52.422086 [INFO] RPC SUCCESS [Method: /pb.DiameterGz/StreamCdrLogs] | Latency: 0s | Code: OK
[message-bus-kafka-emulator] 2026/06/14 11:56:53.461798 [INFO] RPC SUCCESS [Method: /pb.DiameterGz/StreamCdrLogs] | Latency: 0s | Code: OK
[message-bus-kafka-emulator] 2026/06/14 11:56:53.619124 [INFO] RPC SUCCESS [Method: /pb.DiameterGz/StreamCdrLogs] | Latency: 0s | Code: OK
[message-bus-kafka-emulator] 2026/06/14 11:56:55.212428 [INFO] RPC SUCCESS [Method: /pb.DiameterGz/StreamCdrLogs] | Latency: 0s | Code: OK
[message-bus-kafka-emulator] 2026/06/14 11:56:55.371714 [INFO] RPC SUCCESS [Method: /pb.DiameterGz/StreamCdrLogs] | Latency: 0s | Code: OK
[message-bus-kafka-emulator] 2026/06/14 11:56:56.964501 [INFO] RPC SUCCESS [Method: /pb.DiameterGz/StreamCdrLogs] | Latency: 0s | Code: OK
[message-bus-kafka-emulator] 2026/06/14 11:56:57.366329 [INFO] RPC SUCCESS [Method: /pb.DiameterGz/StreamCdrLogs] | Latency: 0s | Code: OK
[message-bus-kafka-emulator] 2026/06/14 11:56:58.898244 [INFO] RPC SUCCESS [Method: /pb.DiameterGz/StreamCdrLogs] | Latency: 0s | Code: OK
[message-bus-kafka-emulator] 2026/06/14 11:56:59.112026 [INFO] RPC SUCCESS [Method: /pb.DiameterGz/StreamCdrLogs] | Latency: 0s | Code: OK
[message-bus-kafka-emulator] 2026/06/14 11:57:00.747288 [INFO] RPC SUCCESS [Method: /pb.DiameterGz/StreamCdrLogs] | Latency: 0s | Code: OK
[message-bus-kafka-emulator] 2026/06/14 11:57:01.035701 [INFO] RPC SUCCESS [Method: /pb.DiameterGz/StreamCdrLogs] | Latency: 0s | Code: OK
[message-bus-kafka-emulator] 2026/06/14 11:57:01.908125 [INFO] RPC SUCCESS [Method: /pb.DiameterGz/StreamCdrLogs] | Latency: 0s | Code: OK
[message-bus-kafka-emulator] 2026/06/14 11:57:02.305771 [INFO] RPC SUCCESS [Method: /pb.DiameterGz/StreamCdrLogs] | Latency: 0s | Code: OK
[message-bus-kafka-emulator] 2026/06/14 11:57:03.617219 [INFO] RPC SUCCESS [Method: /pb.DiameterGz/StreamCdrLogs] | Latency: 0s | Code: OK
[message-bus-kafka-emulator] 2026/06/14 11:57:03.903701 [INFO] RPC SUCCESS [Method: /pb.DiameterGz/StreamCdrLogs] | Latency: 0s | Code: OK
[message-bus-kafka-emulator] 2026/06/14 11:57:04.907386 [INFO] RPC SUCCESS [Method: /pb.DiameterGz/StreamCdrLogs] | Latency: 0s | Code: OK
[message-bus-kafka-emulator] 2026/06/14 11:57:05.237455 [INFO] RPC SUCCESS [Method: /pb.DiameterGz/StreamCdrLogs] | Latency: 0s | Code: OK
[message-bus-kafka-emulator] 2026/06/14 11:57:06.249279 [INFO] RPC SUCCESS [Method: /pb.DiameterGz/StreamCdrLogs] | Latency: 0s | Code: OK
[message-bus-kafka-emulator] 2026/06/14 11:57:06.400370 [INFO] RPC SUCCESS [Method: /pb.DiameterGz/StreamCdrLogs] | Latency: 0s | Code: OK
[message-bus-kafka-emulator] 2026/06/14 11:57:07.534048 [INFO] RPC SUCCESS [Method: /pb.DiameterGz/StreamCdrLogs] | Latency: 0s | Code: OK
[message-bus-kafka-emulator] 2026/06/14 11:57:08.026464 [INFO] RPC SUCCESS [Method: /pb.DiameterGz/StreamCdrLogs] | Latency: 0s | Code: OK
[message-bus-kafka-emulator] 2026/06/14 11:57:09.422689 [INFO] RPC SUCCESS [Method: /pb.DiameterGz/StreamCdrLogs] | Latency: 0s | Code: OK
[message-bus-kafka-emulator] 2026/06/14 11:57:09.498842 [INFO] RPC SUCCESS [Method: /pb.DiameterGz/StreamCdrLogs] | Latency: 0s | Code: OK
[message-bus-kafka-emulator] 2026/06/14 11:57:10.750087 [INFO] RPC SUCCESS [Method: /pb.DiameterGz/StreamCdrLogs] | Latency: 0s | Code: OK
[message-bus-kafka-emulator] 2026/06/14 11:57:11.269088 [INFO] RPC SUCCESS [Method: /pb.DiameterGz/StreamCdrLogs] | Latency: 0s | Code: OK
[message-bus-kafka-emulator] 2026/06/14 11:57:12.423176 [INFO] RPC SUCCESS [Method: /pb.DiameterGz/StreamCdrLogs] | Latency: 0s | Code: OK
[message-bus-kafka-emulator] 2026/06/14 11:57:13.006153 [INFO] RPC SUCCESS [Method: /pb.DiameterGz/StreamCdrLogs] | Latency: 0s | Code: OK
[message-bus-kafka-emulator] 2026/06/14 11:57:13.867654 [INFO] RPC SUCCESS [Method: /pb.DiameterGz/StreamCdrLogs] | Latency: 0s | Code: OK
[message-bus-kafka-emulator] 2026/06/14 11:57:14.518693 [INFO] RPC SUCCESS [Method: /pb.DiameterGz/StreamCdrLogs] | Latency: 0s | Code: OK
[message-bus-kafka-emulator] 2026/06/14 11:57:15.253801 [INFO] RPC SUCCESS [Method: /pb.DiameterGz/StreamCdrLogs] | Latency: 0s | Code: OK
[message-bus-kafka-emulator] 2026/06/14 11:57:16.167773 [INFO] RPC SUCCESS [Method: /pb.DiameterGz/StreamCdrLogs] | Latency: 0s | Code: OK
[message-bus-kafka-emulator] 2026/06/14 11:57:16.326261 [INFO] RPC SUCCESS [Method: /pb.DiameterGz/StreamCdrLogs] | Latency: 0s | Code: OK
[message-bus-kafka-emulator] 2026/06/14 11:57:17.679126 [INFO] RPC SUCCESS [Method: /pb.DiameterGz/StreamCdrLogs] | Latency: 0s | Code: OK
[message-bus-kafka-emulator] 2026/06/14 11:57:17.983888 [INFO] RPC SUCCESS [Method: /pb.DiameterGz/StreamCdrLogs] | Latency: 0s | Code: OK
[message-bus-kafka-emulator] 2026/06/14 11:57:18.474752 [INFO] Получен системный сигнал ядра Linux [interrupt]. Инициирован Graceful Shutdown...
[message-bus-kafka-emulator] 2026/06/14 11:57:18.481187 [INFO] Все сетевые сокеты и gRPC соединения успешно закрыты. Сервер остановлен штатно.
[message-bus-kafka-emulator] 2026/06/14 19:34:49.615268 [INFO] Инициализация шины данных оффлайн-логов Message Bus (Apache Kafka Go Emulator)...
[message-bus-kafka-emulator] 2026/06/14 19:34:49.617920 [INFO] gRPC Kafka-Шина данных успешно запущена на :9092
[message-bus-kafka-emulator] 2026/06/14 19:34:56.118503 [INFO] RPC SUCCESS [Method: /pb.DiameterGz/StreamCdrLogs] | Latency: 0s | Code: OK
[message-bus-kafka-emulator] 2026/06/14 19:34:56.126421 [INFO] RPC SUCCESS [Method: /pb.DiameterGz/StreamCdrLogs] | Latency: 0s | Code: OK
[message-bus-kafka-emulator] 2026/06/14 19:34:57.751332 [INFO] RPC SUCCESS [Method: /pb.DiameterGz/StreamCdrLogs] | Latency: 0s | Code: OK
[message-bus-kafka-emulator] 2026/06/14 19:34:57.911185 [INFO] RPC SUCCESS [Method: /pb.DiameterGz/StreamCdrLogs] | Latency: 0s | Code: OK
[message-bus-kafka-emulator] 2026/06/14 19:34:59.684706 [INFO] RPC SUCCESS [Method: /pb.DiameterGz/StreamCdrLogs] | Latency: 0s | Code: OK
[message-bus-kafka-emulator] 2026/06/14 19:34:59.864898 [INFO] RPC SUCCESS [Method: /pb.DiameterGz/StreamCdrLogs] | Latency: 0s | Code: OK
[message-bus-kafka-emulator] 2026/06/14 19:35:00.718588 [INFO] RPC SUCCESS [Method: /pb.DiameterGz/StreamCdrLogs] | Latency: 0s | Code: OK
[message-bus-kafka-emulator] 2026/06/14 19:35:01.485196 [INFO] RPC SUCCESS [Method: /pb.DiameterGz/StreamCdrLogs] | Latency: 0s | Code: OK
[message-bus-kafka-emulator] 2026/06/14 19:35:02.711121 [INFO] RPC SUCCESS [Method: /pb.DiameterGz/StreamCdrLogs] | Latency: 0s | Code: OK
[message-bus-kafka-emulator] 2026/06/14 19:35:02.736949 [INFO] RPC SUCCESS [Method: /pb.DiameterGz/StreamCdrLogs] | Latency: 0s | Code: OK
[message-bus-kafka-emulator] 2026/06/14 19:35:04.310802 [INFO] RPC SUCCESS [Method: /pb.DiameterGz/StreamCdrLogs] | Latency: 0s | Code: OK
[message-bus-kafka-emulator] 2026/06/14 19:35:04.659240 [INFO] RPC SUCCESS [Method: /pb.DiameterGz/StreamCdrLogs] | Latency: 0s | Code: OK
[message-bus-kafka-emulator] 2026/06/14 19:35:05.989309 [INFO] RPC SUCCESS [Method: /pb.DiameterGz/StreamCdrLogs] | Latency: 0s | Code: OK
[message-bus-kafka-emulator] 2026/06/14 19:35:06.147052 [INFO] RPC SUCCESS [Method: /pb.DiameterGz/StreamCdrLogs] | Latency: 0s | Code: OK
[message-bus-kafka-emulator] 2026/06/14 19:35:07.082337 [INFO] RPC SUCCESS [Method: /pb.DiameterGz/StreamCdrLogs] | Latency: 0s | Code: OK
[message-bus-kafka-emulator] 2026/06/14 19:35:07.289657 [INFO] RPC SUCCESS [Method: /pb.DiameterGz/StreamCdrLogs] | Latency: 0s | Code: OK
[message-bus-kafka-emulator] 2026/06/14 19:35:08.333679 [INFO] RPC SUCCESS [Method: /pb.DiameterGz/StreamCdrLogs] | Latency: 0s | Code: OK
[message-bus-kafka-emulator] 2026/06/14 19:35:08.902502 [INFO] RPC SUCCESS [Method: /pb.DiameterGz/StreamCdrLogs] | Latency: 0s | Code: OK
[message-bus-kafka-emulator] 2026/06/14 19:35:09.895157 [INFO] RPC SUCCESS [Method: /pb.DiameterGz/StreamCdrLogs] | Latency: 0s | Code: OK
[message-bus-kafka-emulator] 2026/06/14 19:35:10.176098 [INFO] RPC SUCCESS [Method: /pb.DiameterGz/StreamCdrLogs] | Latency: 0s | Code: OK
[message-bus-kafka-emulator] 2026/06/14 19:35:11.502068 [INFO] RPC SUCCESS [Method: /pb.DiameterGz/StreamCdrLogs] | Latency: 0s | Code: OK
[message-bus-kafka-emulator] 2026/06/14 19:35:11.779460 [INFO] Получен системный сигнал ядра Linux [interrupt]. Инициирован Graceful Shutdown...
[message-bus-kafka-emulator] 2026/06/14 19:35:11.783708 [INFO] Все сетевые сокеты и gRPC соединения успешно закрыты. Сервер остановлен штатно.
[message-bus-kafka-emulator] 2026/06/14 19:37:09.994569 [INFO] Инициализация шины данных оффлайн-логов Message Bus (Apache Kafka Go Emulator)...
[message-bus-kafka-emulator] 2026/06/14 19:37:09.996654 [INFO] gRPC Kafka-Шина данных успешно запущена на :9092
[message-bus-kafka-emulator] 2026/06/14 19:37:16.385741 [INFO] RPC SUCCESS [Method: /pb.DiameterGz/StreamCdrLogs] | Latency: 0s | Code: OK
[message-bus-kafka-emulator] 2026/06/14 19:37:16.388602 [INFO] RPC SUCCESS [Method: /pb.DiameterGz/StreamCdrLogs] | Latency: 0s | Code: OK
[message-bus-kafka-emulator] 2026/06/14 19:37:17.795738 [INFO] RPC SUCCESS [Method: /pb.DiameterGz/StreamCdrLogs] | Latency: 0s | Code: OK
[message-bus-kafka-emulator] 2026/06/14 19:37:18.108354 [INFO] RPC SUCCESS [Method: /pb.DiameterGz/StreamCdrLogs] | Latency: 0s | Code: OK
[message-bus-kafka-emulator] 2026/06/14 19:37:18.825289 [INFO] RPC SUCCESS [Method: /pb.DiameterGz/StreamCdrLogs] | Latency: 0s | Code: OK
[message-bus-kafka-emulator] 2026/06/14 19:37:19.462584 [INFO] RPC SUCCESS [Method: /pb.DiameterGz/StreamCdrLogs] | Latency: 0s | Code: OK
[message-bus-kafka-emulator] 2026/06/14 19:37:20.765172 [INFO] RPC SUCCESS [Method: /pb.DiameterGz/StreamCdrLogs] | Latency: 0s | Code: OK
[message-bus-kafka-emulator] 2026/06/14 19:37:21.047726 [INFO] RPC SUCCESS [Method: /pb.DiameterGz/StreamCdrLogs] | Latency: 0s | Code: OK
[message-bus-kafka-emulator] 2026/06/14 19:37:22.532718 [INFO] RPC SUCCESS [Method: /pb.DiameterGz/StreamCdrLogs] | Latency: 0s | Code: OK
[message-bus-kafka-emulator] 2026/06/14 19:37:22.562754 [INFO] RPC SUCCESS [Method: /pb.DiameterGz/StreamCdrLogs] | Latency: 0s | Code: OK
[message-bus-kafka-emulator] 2026/06/14 19:37:23.556962 [INFO] RPC SUCCESS [Method: /pb.DiameterGz/StreamCdrLogs] | Latency: 0s | Code: OK
[message-bus-kafka-emulator] 2026/06/14 19:37:24.191125 [INFO] RPC SUCCESS [Method: /pb.DiameterGz/StreamCdrLogs] | Latency: 0s | Code: OK
[message-bus-kafka-emulator] 2026/06/14 19:37:24.634494 [INFO] RPC SUCCESS [Method: /pb.DiameterGz/StreamCdrLogs] | Latency: 0s | Code: OK
[message-bus-kafka-emulator] 2026/06/14 19:37:25.238205 [INFO] RPC SUCCESS [Method: /pb.DiameterGz/StreamCdrLogs] | Latency: 0s | Code: OK
[message-bus-kafka-emulator] 2026/06/14 19:37:26.232213 [INFO] RPC SUCCESS [Method: /pb.DiameterGz/StreamCdrLogs] | Latency: 0s | Code: OK
[message-bus-kafka-emulator] 2026/06/14 19:37:26.700294 [INFO] RPC SUCCESS [Method: /pb.DiameterGz/StreamCdrLogs] | Latency: 0s | Code: OK
[message-bus-kafka-emulator] 2026/06/14 19:37:28.076021 [INFO] RPC SUCCESS [Method: /pb.DiameterGz/StreamCdrLogs] | Latency: 0s | Code: OK
[message-bus-kafka-emulator] 2026/06/14 19:37:28.317622 [INFO] RPC SUCCESS [Method: /pb.DiameterGz/StreamCdrLogs] | Latency: 0s | Code: OK
[message-bus-kafka-emulator] 2026/06/14 19:37:29.240231 [INFO] Получен системный сигнал ядра Linux [interrupt]. Инициирован Graceful Shutdown...
[message-bus-kafka-emulator] 2026/06/14 19:37:29.242403 [INFO] Все сетевые сокеты и gRPC соединения успешно закрыты. Сервер остановлен штатно.
[message-bus-kafka-emulator] 2026/06/14 19:53:44.689430 [INFO] Инициализация шины данных оффлайн-логов Message Bus (Apache Kafka Go Emulator)...
[message-bus-kafka-emulator] 2026/06/14 19:53:44.701892 [INFO] gRPC Kafka-Шина данных успешно запущена на :9092
[message-bus-kafka-emulator] 2026/06/14 19:53:46.152521 [INFO] Получен системный сигнал ядра Linux [interrupt]. Инициирован Graceful Shutdown...
[message-bus-kafka-emulator] 2026/06/14 19:53:46.153567 [INFO] Все сетевые сокеты и gRPC соединения успешно закрыты. Сервер остановлен штатно.
[message-bus-kafka-emulator] 2026/06/14 19:56:03.207994 [INFO] Инициализация шины данных оффлайн-логов Message Bus (Apache Kafka Go Emulator)...
[message-bus-kafka-emulator] 2026/06/14 19:56:03.213634 [INFO] gRPC Kafka-Шина данных успешно запущена на :9092
[message-bus-kafka-emulator] 2026/06/14 19:56:09.189496 [INFO] RPC SUCCESS [Method: /pb.DiameterGz/StreamCdrLogs] | Latency: 2.488µs | Code: OK
[message-bus-kafka-emulator] 2026/06/14 19:56:09.193005 [INFO] RPC SUCCESS [Method: /pb.DiameterGz/StreamCdrLogs] | Latency: 2.105µs | Code: OK
[message-bus-kafka-emulator] 2026/06/14 19:56:10.518248 [INFO] RPC SUCCESS [Method: /pb.DiameterGz/StreamCdrLogs] | Latency: 2µs | Code: OK
[message-bus-kafka-emulator] 2026/06/14 19:56:10.704476 [INFO] RPC SUCCESS [Method: /pb.DiameterGz/StreamCdrLogs] | Latency: 2µs | Code: OK
[message-bus-kafka-emulator] 2026/06/14 19:56:11.639121 [INFO] RPC SUCCESS [Method: /pb.DiameterGz/StreamCdrLogs] | Latency: 1.9µs | Code: OK
[message-bus-kafka-emulator] 2026/06/14 19:56:12.457528 [INFO] RPC SUCCESS [Method: /pb.DiameterGz/StreamCdrLogs] | Latency: 2µs | Code: OK
[message-bus-kafka-emulator] 2026/06/14 19:56:13.612104 [INFO] RPC SUCCESS [Method: /pb.DiameterGz/StreamCdrLogs] | Latency: 1.9µs | Code: OK
[message-bus-kafka-emulator] 2026/06/14 19:56:14.383320 [INFO] RPC SUCCESS [Method: /pb.DiameterGz/StreamCdrLogs] | Latency: 1.9µs | Code: OK
[message-bus-kafka-emulator] 2026/06/14 19:56:15.149829 [INFO] Получен системный сигнал ядра Linux [interrupt]. Инициирован Graceful Shutdown...
[message-bus-kafka-emulator] 2026/06/14 19:56:15.152278 [INFO] Все сетевые сокеты и gRPC соединения успешно закрыты. Сервер остановлен штатно.
[message-bus-kafka-emulator] 2026/06/14 20:04:21.761778 [INFO] Инициализация шины данных оффлайн-логов Message Bus (Apache Kafka Go Emulator)...
[message-bus-kafka-emulator] 2026/06/14 20:04:21.764455 [INFO] gRPC Kafka-Шина данных успешно запущена на :9092
[message-bus-kafka-emulator] 2026/06/14 20:04:26.527576 [INFO] Получен системный сигнал ядра Linux [interrupt]. Инициирован Graceful Shutdown...
[message-bus-kafka-emulator] 2026/06/14 20:04:26.530597 [INFO] Все сетевые сокеты и gRPC соединения успешно закрыты. Сервер остановлен штатно.
[message-bus-kafka-emulator] 2026/06/14 20:04:55.013911 [INFO] Инициализация шины данных оффлайн-логов Message Bus (Apache Kafka Go Emulator)...
[message-bus-kafka-emulator] 2026/06/14 20:04:55.016653 [INFO] gRPC Kafka-Шина данных успешно запущена на :9092
[message-bus-kafka-emulator] 2026/06/14 20:04:56.357796 [INFO] Получен системный сигнал ядра Linux [interrupt]. Инициирован Graceful Shutdown...
[message-bus-kafka-emulator] 2026/06/14 20:04:56.358319 [INFO] Все сетевые сокеты и gRPC соединения успешно закрыты. Сервер остановлен штатно.
[message-bus-kafka-emulator] 2026/06/14 20:10:19.503182 [INFO] Инициализация шины данных оффлайн-логов Message Bus (Apache Kafka Go Emulator)...
[message-bus-kafka-emulator] 2026/06/14 20:10:19.517739 [INFO] gRPC Kafka-Шина данных успешно запущена на :9092
[message-bus-kafka-emulator] 2026/06/14 20:10:25.313722 [INFO] RPC SUCCESS [Method: /pb.DiameterGz/StreamCdrLogs] | Latency: 3.6µs | Code: OK
[message-bus-kafka-emulator] 2026/06/14 20:10:25.315692 [INFO] RPC SUCCESS [Method: /pb.DiameterGz/StreamCdrLogs] | Latency: 1.6µs | Code: OK
[message-bus-kafka-emulator] 2026/06/14 20:10:26.481390 [INFO] RPC SUCCESS [Method: /pb.DiameterGz/StreamCdrLogs] | Latency: 1.462µs | Code: OK
[message-bus-kafka-emulator] 2026/06/14 20:10:26.662671 [INFO] RPC SUCCESS [Method: /pb.DiameterGz/StreamCdrLogs] | Latency: 1.364µs | Code: OK
[message-bus-kafka-emulator] 2026/06/14 20:10:27.870389 [INFO] RPC SUCCESS [Method: /pb.DiameterGz/StreamCdrLogs] | Latency: 1.753µs | Code: OK
[message-bus-kafka-emulator] 2026/06/14 20:10:28.207578 [INFO] RPC SUCCESS [Method: /pb.DiameterGz/StreamCdrLogs] | Latency: 1.462µs | Code: OK
[message-bus-kafka-emulator] 2026/06/14 20:10:29.860203 [INFO] RPC SUCCESS [Method: /pb.DiameterGz/StreamCdrLogs] | Latency: 1.461µs | Code: OK
[message-bus-kafka-emulator] 2026/06/14 20:10:30.286531 [INFO] RPC SUCCESS [Method: /pb.DiameterGz/StreamCdrLogs] | Latency: 1.656µs | Code: OK
[message-bus-kafka-emulator] 2026/06/14 20:10:30.858018 [INFO] Получен системный сигнал ядра Linux [interrupt]. Инициирован Graceful Shutdown...
[message-bus-kafka-emulator] 2026/06/14 20:10:30.862069 [INFO] Все сетевые сокеты и gRPC соединения успешно закрыты. Сервер остановлен штатно.
[message-bus-kafka-emulator] 2026/06/14 20:10:48.259408 [INFO] Инициализация шины данных оффлайн-логов Message Bus (Apache Kafka Go Emulator)...
[message-bus-kafka-emulator] 2026/06/14 20:10:48.268108 [INFO] gRPC Kafka-Шина данных успешно запущена на :9092
[message-bus-kafka-emulator] 2026/06/14 20:10:54.185496 [INFO] RPC SUCCESS [Method: /pb.DiameterGz/StreamCdrLogs] | Latency: 102.484µs | Code: OK
[message-bus-kafka-emulator] 2026/06/14 20:10:54.185662 [INFO] RPC SUCCESS [Method: /pb.DiameterGz/StreamCdrLogs] | Latency: 1.247µs | Code: OK
[message-bus-kafka-emulator] 2026/06/14 20:10:55.279176 [INFO] RPC SUCCESS [Method: /pb.DiameterGz/StreamCdrLogs] | Latency: 1.8µs | Code: OK
[message-bus-kafka-emulator] 2026/06/14 20:10:55.754512 [INFO] RPC SUCCESS [Method: /pb.DiameterGz/StreamCdrLogs] | Latency: 1.8µs | Code: OK
[message-bus-kafka-emulator] 2026/06/14 20:10:56.780615 [INFO] RPC SUCCESS [Method: /pb.DiameterGz/StreamCdrLogs] | Latency: 1.8µs | Code: OK
[message-bus-kafka-emulator] 2026/06/14 20:10:57.071116 [INFO] RPC SUCCESS [Method: /pb.DiameterGz/StreamCdrLogs] | Latency: 2µs | Code: OK
[message-bus-kafka-emulator] 2026/06/14 20:10:58.011569 [INFO] Получен системный сигнал ядра Linux [interrupt]. Инициирован Graceful Shutdown...
[message-bus-kafka-emulator] 2026/06/14 20:10:58.014705 [INFO] Все сетевые сокеты и gRPC соединения успешно закрыты. Сервер остановлен штатно.
[message-bus-kafka-emulator] 2026/06/14 20:13:44.627691 [INFO] Инициализация шины данных оффлайн-логов Message Bus (Apache Kafka Go Emulator)...
[message-bus-kafka-emulator] 2026/06/14 20:13:44.633554 [INFO] gRPC Kafka-Шина данных успешно запущена на :9092
[message-bus-kafka-emulator] 2026/06/14 20:13:50.580691 [INFO] RPC SUCCESS [Method: /pb.DiameterGz/StreamCdrLogs] | Latency: 4.297µs | Code: OK
[message-bus-kafka-emulator] 2026/06/14 20:13:50.597575 [INFO] RPC SUCCESS [Method: /pb.DiameterGz/StreamCdrLogs] | Latency: 2.247µs | Code: OK
[message-bus-kafka-emulator] 2026/06/14 20:13:51.792648 [INFO] RPC SUCCESS [Method: /pb.DiameterGz/StreamCdrLogs] | Latency: 1.854µs | Code: OK
[message-bus-kafka-emulator] 2026/06/14 20:13:52.280591 [INFO] RPC SUCCESS [Method: /pb.DiameterGz/StreamCdrLogs] | Latency: 2.048µs | Code: OK
[message-bus-kafka-emulator] 2026/06/14 20:13:53.604450 [INFO] RPC SUCCESS [Method: /pb.DiameterGz/StreamCdrLogs] | Latency: 1.951µs | Code: OK
[message-bus-kafka-emulator] 2026/06/14 20:13:53.627785 [INFO] RPC SUCCESS [Method: /pb.DiameterGz/StreamCdrLogs] | Latency: 1.854µs | Code: OK
[message-bus-kafka-emulator] 2026/06/14 20:13:55.191473 [INFO] RPC SUCCESS [Method: /pb.DiameterGz/StreamCdrLogs] | Latency: 1.659µs | Code: OK
[message-bus-kafka-emulator] 2026/06/14 20:13:55.359969 [INFO] RPC SUCCESS [Method: /pb.DiameterGz/StreamCdrLogs] | Latency: 1.951µs | Code: OK
[message-bus-kafka-emulator] 2026/06/14 20:13:56.304228 [INFO] RPC SUCCESS [Method: /pb.DiameterGz/StreamCdrLogs] | Latency: 1.854µs | Code: OK
[message-bus-kafka-emulator] 2026/06/14 20:13:56.797530 [INFO] RPC SUCCESS [Method: /pb.DiameterGz/StreamCdrLogs] | Latency: 1.951µs | Code: OK
[message-bus-kafka-emulator] 2026/06/14 20:13:56.933698 [INFO] Получен системный сигнал ядра Linux [interrupt]. Инициирован Graceful Shutdown...
[message-bus-kafka-emulator] 2026/06/14 20:13:56.938023 [INFO] Все сетевые сокеты и gRPC соединения успешно закрыты. Сервер остановлен штатно.
[message-bus-kafka-emulator] 2026/06/14 20:14:00.467211 [INFO] Инициализация шины данных оффлайн-логов Message Bus (Apache Kafka Go Emulator)...
[message-bus-kafka-emulator] 2026/06/14 20:14:00.475013 [INFO] gRPC Kafka-Шина данных успешно запущена на :9092
[message-bus-kafka-emulator] 2026/06/14 20:14:07.123222 [INFO] RPC SUCCESS [Method: /pb.DiameterGz/StreamCdrLogs] | Latency: 3.711µs | Code: OK
[message-bus-kafka-emulator] 2026/06/14 20:14:07.160184 [INFO] RPC SUCCESS [Method: /pb.DiameterGz/StreamCdrLogs] | Latency: 1.758µs | Code: OK
[message-bus-kafka-emulator] 2026/06/14 20:14:08.162835 [INFO] RPC SUCCESS [Method: /pb.DiameterGz/StreamCdrLogs] | Latency: 1.759µs | Code: OK
[message-bus-kafka-emulator] 2026/06/14 20:14:08.442216 [INFO] Получен системный сигнал ядра Linux [interrupt]. Инициирован Graceful Shutdown...
[message-bus-kafka-emulator] 2026/06/14 20:14:08.444818 [INFO] Все сетевые сокеты и gRPC соединения успешно закрыты. Сервер остановлен штатно.
[message-bus-kafka-emulator] 2026/06/14 20:14:21.269802 [INFO] Инициализация шины данных оффлайн-логов Message Bus (Apache Kafka Go Emulator)...
[message-bus-kafka-emulator] 2026/06/14 20:14:21.276096 [INFO] gRPC Kafka-Шина данных успешно запущена на :9092
[message-bus-kafka-emulator] 2026/06/14 20:14:27.260487 [INFO] RPC SUCCESS [Method: /pb.DiameterGz/StreamCdrLogs] | Latency: 3.997µs | Code: OK
[message-bus-kafka-emulator] 2026/06/14 20:14:27.263254 [INFO] RPC SUCCESS [Method: /pb.DiameterGz/StreamCdrLogs] | Latency: 1.56µs | Code: OK
[message-bus-kafka-emulator] 2026/06/14 20:14:28.962057 [INFO] RPC SUCCESS [Method: /pb.DiameterGz/StreamCdrLogs] | Latency: 1.657µs | Code: OK
[message-bus-kafka-emulator] 2026/06/14 20:14:29.030509 [INFO] RPC SUCCESS [Method: /pb.DiameterGz/StreamCdrLogs] | Latency: 1.852µs | Code: OK
[message-bus-kafka-emulator] 2026/06/14 20:14:30.550559 [INFO] RPC SUCCESS [Method: /pb.DiameterGz/StreamCdrLogs] | Latency: 1.658µs | Code: OK
[message-bus-kafka-emulator] 2026/06/14 20:14:30.987277 [INFO] RPC SUCCESS [Method: /pb.DiameterGz/StreamCdrLogs] | Latency: 1.852µs | Code: OK
[message-bus-kafka-emulator] 2026/06/14 20:14:31.036210 [INFO] Получен системный сигнал ядра Linux [interrupt]. Инициирован Graceful Shutdown...
[message-bus-kafka-emulator] 2026/06/14 20:14:31.038995 [INFO] Все сетевые сокеты и gRPC соединения успешно закрыты. Сервер остановлен штатно.
[message-bus-kafka-emulator] 2026/06/14 20:14:42.216411 [INFO] Инициализация шины данных оффлайн-логов Message Bus (Apache Kafka Go Emulator)...
[message-bus-kafka-emulator] 2026/06/14 20:14:42.219669 [INFO] gRPC Kafka-Шина данных успешно запущена на :9092
[message-bus-kafka-emulator] 2026/06/14 20:14:45.980296 [INFO] Получен системный сигнал ядра Linux [interrupt]. Инициирован Graceful Shutdown...
[message-bus-kafka-emulator] 2026/06/14 20:14:45.980805 [INFO] Все сетевые сокеты и gRPC соединения успешно закрыты. Сервер остановлен штатно.
