[ocs-rating-engine] 2026/06/13 19:22:32.766730 [INFO] Инициализация финтех-ядра онлайн-биллинга OCS (Aerospike HMA Emulator)...
[ocs-rating-engine] 2026/06/13 19:22:32.814877 [INFO] gRPC OCS-Биллинг сервер успешно запущен на :50054
[ocs-rating-engine] 2026/06/13 19:26:48.170635 [INFO] RPC SUCCESS [Method: /pb.DiameterGy/RequestCreditControl] | Latency: 0s | Code: OK
[ocs-rating-engine] 2026/06/13 19:26:48.177804 [INFO] RPC SUCCESS [Method: /pb.DiameterGy/RequestCreditControl] | Latency: 0s | Code: OK
[ocs-rating-engine] 2026/06/13 19:26:48.562955 [INFO] RPC SUCCESS [Method: /pb.DiameterGy/RequestCreditControl] | Latency: 0s | Code: OK
[ocs-rating-engine] 2026/06/13 19:26:48.622359 [INFO] RPC SUCCESS [Method: /pb.DiameterGy/RequestCreditControl] | Latency: 0s | Code: OK
[ocs-rating-engine] 2026/06/13 19:26:48.733208 [INFO] RPC SUCCESS [Method: /pb.DiameterGy/RequestCreditControl] | Latency: 0s | Code: OK
[ocs-rating-engine] 2026/06/13 19:26:48.898527 [INFO] RPC SUCCESS [Method: /pb.DiameterGy/RequestCreditControl] | Latency: 0s | Code: OK
[ocs-rating-engine] 2026/06/13 19:26:48.987814 [INFO] RPC SUCCESS [Method: /pb.DiameterGy/RequestCreditControl] | Latency: 0s | Code: OK
[ocs-rating-engine] 2026/06/13 19:26:49.200150 [INFO] RPC SUCCESS [Method: /pb.DiameterGy/RequestCreditControl] | Latency: 0s | Code: OK
[ocs-rating-engine] 2026/06/13 19:26:49.284476 [INFO] RPC SUCCESS [Method: /pb.DiameterGy/RequestCreditControl] | Latency: 0s | Code: OK
[ocs-rating-engine] 2026/06/13 19:26:49.449541 [INFO] RPC SUCCESS [Method: /pb.DiameterGy/RequestCreditControl] | Latency: 0s | Code: OK
[ocs-rating-engine] 2026/06/13 19:26:49.533882 [INFO] RPC SUCCESS [Method: /pb.DiameterGy/RequestCreditControl] | Latency: 0s | Code: OK
[ocs-rating-engine] 2026/06/13 19:26:49.694678 [INFO] RPC SUCCESS [Method: /pb.DiameterGy/RequestCreditControl] | Latency: 0s | Code: OK
[ocs-rating-engine] 2026/06/13 19:26:49.828154 [INFO] RPC SUCCESS [Method: /pb.DiameterGy/RequestCreditControl] | Latency: 0s | Code: OK
[ocs-rating-engine] 2026/06/13 19:26:49.952603 [INFO] RPC SUCCESS [Method: /pb.DiameterGy/RequestCreditControl] | Latency: 0s | Code: OK
[ocs-rating-engine] 2026/06/13 19:26:50.109697 [INFO] RPC SUCCESS [Method: /pb.DiameterGy/RequestCreditControl] | Latency: 0s | Code: OK
[ocs-rating-engine] 2026/06/13 19:26:50.400891 [INFO] RPC SUCCESS [Method: /pb.DiameterGy/RequestCreditControl] | Latency: 0s | Code: OK
[ocs-rating-engine] 2026/06/13 19:26:50.503861 [INFO] RPC SUCCESS [Method: /pb.DiameterGy/RequestCreditControl] | Latency: 0s | Code: OK
[ocs-rating-engine] 2026/06/13 19:26:50.535630 [INFO] RPC SUCCESS [Method: /pb.DiameterGy/RequestCreditControl] | Latency: 0s | Code: OK
[ocs-rating-engine] 2026/06/13 19:29:44.124782 [INFO] Получен системный сигнал ядра Linux [interrupt]. Инициирован Graceful Shutdown...
[ocs-rating-engine] 2026/06/13 19:29:44.125392 [INFO] Все сетевые сокеты и gRPC соединения успешно закрыты. Сервер остановлен штатно.
[ocs-rating-engine] 2026/06/13 19:31:17.497358 [INFO] Инициализация финтех-ядра онлайн-биллинга OCS (Aerospike HMA Emulator)...
[ocs-rating-engine] 2026/06/13 19:31:17.500014 [INFO] gRPC OCS-Биллинг сервер успешно запущен на :50054
[ocs-rating-engine] 2026/06/13 19:31:36.743789 [INFO] RPC SUCCESS [Method: /pb.DiameterGy/RequestCreditControl] | Latency: 0s | Code: OK
[ocs-rating-engine] 2026/06/13 19:31:36.744323 [INFO] RPC SUCCESS [Method: /pb.DiameterGy/RequestCreditControl] | Latency: 0s | Code: OK
[ocs-rating-engine] 2026/06/13 19:31:36.860960 [INFO] RPC SUCCESS [Method: /pb.DiameterGy/RequestCreditControl] | Latency: 0s | Code: OK
[ocs-rating-engine] 2026/06/13 19:31:36.860960 [INFO] RPC SUCCESS [Method: /pb.DiameterGy/RequestCreditControl] | Latency: 0s | Code: OK
[ocs-rating-engine] 2026/06/13 19:31:37.227340 [INFO] RPC SUCCESS [Method: /pb.DiameterGy/RequestCreditControl] | Latency: 0s | Code: OK
[ocs-rating-engine] 2026/06/13 19:31:37.227340 [INFO] RPC SUCCESS [Method: /pb.DiameterGy/RequestCreditControl] | Latency: 0s | Code: OK
[ocs-rating-engine] 2026/06/13 19:31:37.395042 [INFO] RPC SUCCESS [Method: /pb.DiameterGy/RequestCreditControl] | Latency: 0s | Code: OK
[ocs-rating-engine] 2026/06/13 19:31:37.395579 [INFO] RPC SUCCESS [Method: /pb.DiameterGy/RequestCreditControl] | Latency: 0s | Code: OK
[ocs-rating-engine] 2026/06/13 19:31:37.691897 [INFO] RPC SUCCESS [Method: /pb.DiameterGy/RequestCreditControl] | Latency: 0s | Code: OK
[ocs-rating-engine] 2026/06/13 19:31:37.691897 [INFO] RPC SUCCESS [Method: /pb.DiameterGy/RequestCreditControl] | Latency: 0s | Code: OK
[ocs-rating-engine] 2026/06/13 19:34:00.072708 [INFO] Получен системный сигнал ядра Linux [interrupt]. Инициирован Graceful Shutdown...
[ocs-rating-engine] 2026/06/13 19:34:00.073224 [INFO] Все сетевые сокеты и gRPC соединения успешно закрыты. Сервер остановлен штатно.
[ocs-rating-engine] 2026/06/13 20:19:06.440056 [INFO] Инициализация финтех-ядра онлайн-биллинга OCS (Aerospike HMA Emulator)...
[ocs-rating-engine] 2026/06/13 20:19:06.442200 [INFO] gRPC OCS-Биллинг сервер успешно запущен на :50054
[ocs-rating-engine] 2026/06/13 20:19:24.442778 [INFO] RPC SUCCESS [Method: /pb.DiameterGy/RequestCreditControl] | Latency: 0s | Code: OK
[ocs-rating-engine] 2026/06/13 20:19:24.450085 [INFO] RPC SUCCESS [Method: /pb.DiameterGy/RequestCreditControl] | Latency: 0s | Code: OK
[ocs-rating-engine] 2026/06/13 20:19:25.551094 [INFO] RPC SUCCESS [Method: /pb.DiameterGy/RequestCreditControl] | Latency: 0s | Code: OK
[ocs-rating-engine] 2026/06/13 20:19:26.131813 [INFO] RPC SUCCESS [Method: /pb.DiameterGy/RequestCreditControl] | Latency: 0s | Code: OK
[ocs-rating-engine] 2026/06/13 20:19:26.828997 [INFO] RPC SUCCESS [Method: /pb.DiameterGy/RequestCreditControl] | Latency: 0s | Code: OK
[ocs-rating-engine] 2026/06/13 22:12:26.866993 [INFO] Получен системный сигнал ядра Linux [interrupt]. Инициирован Graceful Shutdown...
[ocs-rating-engine] 2026/06/13 22:12:26.867500 [INFO] Все сетевые сокеты и gRPC соединения успешно закрыты. Сервер остановлен штатно.
[ocs-rating-engine] 2026/06/14 11:00:33.890210 [INFO] Инициализация финтех-ядра онлайн-биллинга OCS (Aerospike HMA Emulator)...
[ocs-rating-engine] 2026/06/14 11:00:33.896726 [INFO] gRPC OCS-Биллинг сервер успешно запущен на :50054
[ocs-rating-engine] 2026/06/14 11:00:58.614125 [INFO] RPC SUCCESS [Method: /pb.DiameterGy/RequestCreditControl] | Latency: 0s | Code: OK
[ocs-rating-engine] 2026/06/14 11:00:58.614125 [INFO] RPC SUCCESS [Method: /pb.DiameterGy/RequestCreditControl] | Latency: 0s | Code: OK
[ocs-rating-engine] 2026/06/14 11:01:00.060973 [INFO] RPC SUCCESS [Method: /pb.DiameterGy/RequestCreditControl] | Latency: 0s | Code: OK
[ocs-rating-engine] 2026/06/14 11:01:00.366714 [INFO] RPC SUCCESS [Method: /pb.DiameterGy/RequestCreditControl] | Latency: 0s | Code: OK
[ocs-rating-engine] 2026/06/14 11:01:01.628740 [INFO] RPC SUCCESS [Method: /pb.DiameterGy/RequestCreditControl] | Latency: 0s | Code: OK
[ocs-rating-engine] 2026/06/14 11:01:02.128468 [INFO] RPC SUCCESS [Method: /pb.DiameterGy/RequestCreditControl] | Latency: 528.5µs | Code: OK
[ocs-rating-engine] 2026/06/14 11:01:03.412293 [INFO] RPC SUCCESS [Method: /pb.DiameterGy/RequestCreditControl] | Latency: 0s | Code: OK
[ocs-rating-engine] 2026/06/14 11:01:27.850597 [INFO] RPC SUCCESS [Method: /pb.DiameterGy/RequestCreditControl] | Latency: 0s | Code: OK
[ocs-rating-engine] 2026/06/14 11:01:27.850597 [INFO] RPC SUCCESS [Method: /pb.DiameterGy/RequestCreditControl] | Latency: 0s | Code: OK
[ocs-rating-engine] 2026/06/14 11:02:25.104714 [INFO] Получен системный сигнал ядра Linux [interrupt]. Инициирован Graceful Shutdown...
[ocs-rating-engine] 2026/06/14 11:02:25.105261 [INFO] Все сетевые сокеты и gRPC соединения успешно закрыты. Сервер остановлен штатно.
