[ofcs-collector] 2026/06/13 22:20:30.543256 [INFO] Запуск асинхронного OFCS сборщика CDR-логов...
[ofcs-collector] 2026/06/13 22:20:30.581912 [INFO] Асинхронный конвейер OFCS сборщика логов запущен...
[ofcs-collector] 2026/06/13 22:20:31.082125 [INFO] OFCS-Collector -> Считывание пачки логов из топика Kafka...
[ofcs-collector] 2026/06/13 22:20:31.582211 [INFO] OFCS-Collector -> Считывание пачки логов из топика Kafka...
[ofcs-collector] 2026/06/13 22:20:32.082393 [INFO] OFCS-Collector -> Считывание пачки логов из топика Kafka...
[ofcs-collector] 2026/06/13 22:20:32.582417 [INFO] OFCS-Collector -> Считывание пачки логов из топика Kafka...
[ofcs-collector] 2026/06/13 22:20:33.082332 [INFO] OFCS-Collector -> Считывание пачки логов из топика Kafka...
[ofcs-collector] 2026/06/13 22:20:33.600652 [INFO] OFCS-Collector -> Считывание пачки логов из топика Kafka...
[ofcs-collector] 2026/06/13 22:20:34.082265 [INFO] OFCS-Collector -> Считывание пачки логов из топика Kafka...
[ofcs-collector] 2026/06/13 22:20:34.583079 [INFO] OFCS-Collector -> Считывание пачки логов из топика Kafka...
[ofcs-collector] 2026/06/13 22:20:35.082513 [INFO] OFCS-Collector -> Считывание пачки логов из топика Kafka...
[ofcs-collector] 2026/06/13 22:20:35.582610 [INFO] OFCS-Collector -> Считывание пачки логов из топика Kafka...
[ofcs-collector] 2026/06/13 22:20:36.110501 [INFO] OFCS-Collector -> Считывание пачки логов из топика Kafka...
[ofcs-collector] 2026/06/13 22:20:36.582105 [INFO] OFCS-Collector -> Считывание пачки логов из топика Kafka...
[ofcs-collector] 2026/06/13 22:20:37.028613 [INFO] Получен системный сигнал ядра Linux [interrupt]. Инициирован Graceful Shutdown...
[ofcs-collector] 2026/06/13 22:20:37.029373 [INFO] OFCS Сборщик логов плавно остановлен.
[ofcs-collector] 2026/06/13 22:20:37.029373 [INFO] Все сетевые сокеты и gRPC соединения успешно закрыты. Сервер остановлен штатно.
[ofcs-collector] 2026/06/14 11:54:41.993118 [INFO] Запуск асинхронного OFCS сборщика CDR-логов...
[ofcs-collector] 2026/06/14 11:54:41.994192 [INFO] Асинхронный конвейер OFCS сборщика логов запущен...
[ofcs-collector] 2026/06/14 11:54:42.494546 [INFO] OFCS-Collector -> Считывание пачки логов из топика Kafka...
[ofcs-collector] 2026/06/14 11:54:42.994774 [INFO] OFCS-Collector -> Считывание пачки логов из топика Kafka...
[ofcs-collector] 2026/06/14 11:54:43.494500 [INFO] OFCS-Collector -> Считывание пачки логов из топика Kafka...
[ofcs-collector] 2026/06/14 11:54:43.994611 [INFO] OFCS-Collector -> Считывание пачки логов из топика Kafka...
[ofcs-collector] 2026/06/14 11:54:44.494560 [INFO] OFCS-Collector -> Считывание пачки логов из топика Kafka...
[ofcs-collector] 2026/06/14 11:54:44.994672 [INFO] OFCS-Collector -> Считывание пачки логов из топика Kafka...
[ofcs-collector] 2026/06/14 11:54:45.494413 [INFO] OFCS-Collector -> Считывание пачки логов из топика Kafka...
[ofcs-collector] 2026/06/14 11:54:45.995070 [INFO] OFCS-Collector -> Считывание пачки логов из топика Kafka...
[ofcs-collector] 2026/06/14 11:54:46.494490 [INFO] OFCS-Collector -> Считывание пачки логов из топика Kafka...
[ofcs-collector] 2026/06/14 11:54:46.994692 [INFO] OFCS-Collector -> Считывание пачки логов из топика Kafka...
[ofcs-collector] 2026/06/14 11:54:47.494702 [INFO] OFCS-Collector -> Считывание пачки логов из топика Kafka...
[ofcs-collector] 2026/06/14 11:54:47.994629 [INFO] OFCS-Collector -> Считывание пачки логов из топика Kafka...
[ofcs-collector] 2026/06/14 11:54:48.494623 [INFO] OFCS-Collector -> Считывание пачки логов из топика Kafka...
[ofcs-collector] 2026/06/14 11:54:48.994673 [INFO] OFCS-Collector -> Считывание пачки логов из топика Kafka...
[ofcs-collector] 2026/06/14 11:54:49.494750 [INFO] OFCS-Collector -> Считывание пачки логов из топика Kafka...
[ofcs-collector] 2026/06/14 11:54:49.994248 [INFO] OFCS-Collector -> Считывание пачки логов из топика Kafka...
[ofcs-collector] 2026/06/14 11:54:50.494977 [INFO] OFCS-Collector -> Считывание пачки логов из топика Kafka...
[ofcs-collector] 2026/06/14 11:54:50.994509 [INFO] OFCS-Collector -> Считывание пачки логов из топика Kafka...
[ofcs-collector] 2026/06/14 11:54:51.494533 [INFO] OFCS-Collector -> Считывание пачки логов из топика Kafka...
[ofcs-collector] 2026/06/14 11:54:51.994747 [INFO] OFCS-Collector -> Считывание пачки логов из топика Kafka...
[ofcs-collector] 2026/06/14 11:54:52.494627 [INFO] OFCS-Collector -> Считывание пачки логов из топика Kafka...
[ofcs-collector] 2026/06/14 11:54:52.994692 [INFO] OFCS-Collector -> Считывание пачки логов из топика Kafka...
[ofcs-collector] 2026/06/14 11:54:53.494391 [INFO] OFCS-Collector -> Считывание пачки логов из топика Kafka...
[ofcs-collector] 2026/06/14 11:54:53.994492 [INFO] OFCS-Collector -> Считывание пачки логов из топика Kafka...
[ofcs-collector] 2026/06/14 11:54:54.495098 [INFO] OFCS-Collector -> Считывание пачки логов из топика Kafka...
[ofcs-collector] 2026/06/14 11:54:54.994754 [INFO] OFCS-Collector -> Считывание пачки логов из топика Kafka...
[ofcs-collector] 2026/06/14 11:54:55.495345 [INFO] OFCS-Collector -> Считывание пачки логов из топика Kafka...
[ofcs-collector] 2026/06/14 11:54:55.994618 [INFO] OFCS-Collector -> Считывание пачки логов из топика Kafka...
[ofcs-collector] 2026/06/14 11:54:56.494588 [INFO] OFCS-Collector -> Считывание пачки логов из топика Kafka...
[ofcs-collector] 2026/06/14 11:54:56.994960 [INFO] OFCS-Collector -> Считывание пачки логов из топика Kafka...
[ofcs-collector] 2026/06/14 11:54:57.494664 [INFO] OFCS-Collector -> Считывание пачки логов из топика Kafka...
[ofcs-collector] 2026/06/14 11:54:57.994473 [INFO] OFCS-Collector -> Считывание пачки логов из топика Kafka...
[ofcs-collector] 2026/06/14 11:54:58.494897 [INFO] OFCS-Collector -> Считывание пачки логов из топика Kafka...
[ofcs-collector] 2026/06/14 11:54:58.994677 [INFO] OFCS-Collector -> Считывание пачки логов из топика Kafka...
[ofcs-collector] 2026/06/14 11:54:59.494848 [INFO] OFCS-Collector -> Считывание пачки логов из топика Kafka...
[ofcs-collector] 2026/06/14 11:54:59.994770 [INFO] OFCS-Collector -> Считывание пачки логов из топика Kafka...
[ofcs-collector] 2026/06/14 11:55:00.494607 [INFO] OFCS-Collector -> Считывание пачки логов из топика Kafka...
[ofcs-collector] 2026/06/14 11:55:00.994794 [INFO] OFCS-Collector -> Считывание пачки логов из топика Kafka...
[ofcs-collector] 2026/06/14 11:55:01.494546 [INFO] OFCS-Collector -> Считывание пачки логов из топика Kafka...
[ofcs-collector] 2026/06/14 11:55:01.994374 [INFO] OFCS-Collector -> Считывание пачки логов из топика Kafka...
[ofcs-collector] 2026/06/14 11:55:02.494836 [INFO] OFCS-Collector -> Считывание пачки логов из топика Kafka...
[ofcs-collector] 2026/06/14 11:55:02.994507 [INFO] OFCS-Collector -> Считывание пачки логов из топика Kafka...
[ofcs-collector] 2026/06/14 11:55:03.494502 [INFO] OFCS-Collector -> Считывание пачки логов из топика Kafka...
[ofcs-collector] 2026/06/14 11:55:03.994811 [INFO] OFCS-Collector -> Считывание пачки логов из топика Kafka...
[ofcs-collector] 2026/06/14 11:55:04.495217 [INFO] OFCS-Collector -> Считывание пачки логов из топика Kafka...
[ofcs-collector] 2026/06/14 11:55:04.994398 [INFO] OFCS-Collector -> Считывание пачки логов из топика Kafka...
[ofcs-collector] 2026/06/14 11:55:05.494782 [INFO] OFCS-Collector -> Считывание пачки логов из топика Kafka...
[ofcs-collector] 2026/06/14 11:55:05.994993 [INFO] OFCS-Collector -> Считывание пачки логов из топика Kafka...
[ofcs-collector] 2026/06/14 11:55:06.494746 [INFO] OFCS-Collector -> Считывание пачки логов из топика Kafka...
[ofcs-collector] 2026/06/14 11:55:06.994369 [INFO] OFCS-Collector -> Считывание пачки логов из топика Kafka...
[ofcs-collector] 2026/06/14 11:55:07.494601 [INFO] OFCS-Collector -> Считывание пачки логов из топика Kafka...
[ofcs-collector] 2026/06/14 11:55:07.995058 [INFO] OFCS-Collector -> Считывание пачки логов из топика Kafka...
[ofcs-collector] 2026/06/14 11:55:08.494332 [INFO] OFCS-Collector -> Считывание пачки логов из топика Kafka...
[ofcs-collector] 2026/06/14 11:55:08.994954 [INFO] OFCS-Collector -> Считывание пачки логов из топика Kafka...
[ofcs-collector] 2026/06/14 11:55:09.494241 [INFO] OFCS-Collector -> Считывание пачки логов из топика Kafka...
[ofcs-collector] 2026/06/14 11:55:09.994896 [INFO] OFCS-Collector -> Считывание пачки логов из топика Kafka...
[ofcs-collector] 2026/06/14 11:55:10.494874 [INFO] OFCS-Collector -> Считывание пачки логов из топика Kafka...
[ofcs-collector] 2026/06/14 11:55:10.994517 [INFO] OFCS-Collector -> Считывание пачки логов из топика Kafka...
[ofcs-collector] 2026/06/14 11:55:11.494888 [INFO] OFCS-Collector -> Считывание пачки логов из топика Kafka...
[ofcs-collector] 2026/06/14 11:55:11.994294 [INFO] OFCS-Collector -> Считывание пачки логов из топика Kafka...
[ofcs-collector] 2026/06/14 11:55:12.494873 [INFO] OFCS-Collector -> Считывание пачки логов из топика Kafka...
[ofcs-collector] 2026/06/14 11:55:12.995053 [INFO] OFCS-Collector -> Считывание пачки логов из топика Kafka...
[ofcs-collector] 2026/06/14 11:55:13.494752 [INFO] OFCS-Collector -> Считывание пачки логов из топика Kafka...
[ofcs-collector] 2026/06/14 11:55:13.994759 [INFO] OFCS-Collector -> Считывание пачки логов из топика Kafka...
[ofcs-collector] 2026/06/14 11:55:14.494371 [INFO] OFCS-Collector -> Считывание пачки логов из топика Kafka...
[ofcs-collector] 2026/06/14 11:55:14.994761 [INFO] OFCS-Collector -> Считывание пачки логов из топика Kafka...
[ofcs-collector] 2026/06/14 11:55:15.494952 [INFO] OFCS-Collector -> Считывание пачки логов из топика Kafka...
[ofcs-collector] 2026/06/14 11:55:15.994807 [INFO] OFCS-Collector -> Считывание пачки логов из топика Kafka...
[ofcs-collector] 2026/06/14 11:55:16.494480 [INFO] OFCS-Collector -> Считывание пачки логов из топика Kafka...
[ofcs-collector] 2026/06/14 11:55:16.994646 [INFO] OFCS-Collector -> Считывание пачки логов из топика Kafka...
[ofcs-collector] 2026/06/14 11:55:17.494353 [INFO] OFCS-Collector -> Считывание пачки логов из топика Kafka...
[ofcs-collector] 2026/06/14 11:55:17.994401 [INFO] OFCS-Collector -> Считывание пачки логов из топика Kafka...
[ofcs-collector] 2026/06/14 11:55:18.494595 [INFO] OFCS-Collector -> Считывание пачки логов из топика Kafka...
[ofcs-collector] 2026/06/14 11:55:18.932064 [INFO] Получен системный сигнал ядра Linux [interrupt]. Инициирован Graceful Shutdown...
[ofcs-collector] 2026/06/14 11:55:18.933575 [INFO] OFCS Сборщик логов плавно остановлен.
[ofcs-collector] 2026/06/14 11:55:18.933575 [INFO] Все сетевые сокеты и gRPC соединения успешно закрыты. Сервер остановлен штатно.
[ofcs-collector] 2026/06/14 11:56:06.267476 [INFO] Запуск асинхронного OFCS сборщика CDR-логов...
[ofcs-collector] 2026/06/14 11:56:06.267476 [INFO] Асинхронный конвейер OFCS сборщика логов запущен...
[ofcs-collector] 2026/06/14 11:56:06.767597 [INFO] OFCS-Collector -> Считывание пачки логов из топика Kafka...
[ofcs-collector] 2026/06/14 11:56:07.268081 [INFO] OFCS-Collector -> Считывание пачки логов из топика Kafka...
[ofcs-collector] 2026/06/14 11:56:07.767874 [INFO] OFCS-Collector -> Считывание пачки логов из топика Kafka...
[ofcs-collector] 2026/06/14 11:56:08.268056 [INFO] OFCS-Collector -> Считывание пачки логов из топика Kafka...
[ofcs-collector] 2026/06/14 11:56:08.767561 [INFO] OFCS-Collector -> Считывание пачки логов из топика Kafka...
[ofcs-collector] 2026/06/14 11:56:09.268010 [INFO] OFCS-Collector -> Считывание пачки логов из топика Kafka...
[ofcs-collector] 2026/06/14 11:56:09.768266 [INFO] OFCS-Collector -> Считывание пачки логов из топика Kafka...
[ofcs-collector] 2026/06/14 11:56:10.268195 [INFO] OFCS-Collector -> Считывание пачки логов из топика Kafka...
[ofcs-collector] 2026/06/14 11:56:10.767885 [INFO] OFCS-Collector -> Считывание пачки логов из топика Kafka...
[ofcs-collector] 2026/06/14 11:56:11.267942 [INFO] OFCS-Collector -> Считывание пачки логов из топика Kafka...
[ofcs-collector] 2026/06/14 11:56:11.767860 [INFO] OFCS-Collector -> Считывание пачки логов из топика Kafka...
[ofcs-collector] 2026/06/14 11:56:12.268203 [INFO] OFCS-Collector -> Считывание пачки логов из топика Kafka...
[ofcs-collector] 2026/06/14 11:56:12.768042 [INFO] OFCS-Collector -> Считывание пачки логов из топика Kafka...
[ofcs-collector] 2026/06/14 11:56:13.267822 [INFO] OFCS-Collector -> Считывание пачки логов из топика Kafka...
[ofcs-collector] 2026/06/14 11:56:13.767805 [INFO] OFCS-Collector -> Считывание пачки логов из топика Kafka...
[ofcs-collector] 2026/06/14 11:56:14.267985 [INFO] OFCS-Collector -> Считывание пачки логов из топика Kafka...
[ofcs-collector] 2026/06/14 11:56:14.768140 [INFO] OFCS-Collector -> Считывание пачки логов из топика Kafka...
[ofcs-collector] 2026/06/14 11:56:15.268335 [INFO] OFCS-Collector -> Считывание пачки логов из топика Kafka...
[ofcs-collector] 2026/06/14 11:56:15.768257 [INFO] OFCS-Collector -> Считывание пачки логов из топика Kafka...
[ofcs-collector] 2026/06/14 11:56:16.268276 [INFO] OFCS-Collector -> Считывание пачки логов из топика Kafka...
[ofcs-collector] 2026/06/14 11:56:16.768292 [INFO] OFCS-Collector -> Считывание пачки логов из топика Kafka...
[ofcs-collector] 2026/06/14 11:56:17.267757 [INFO] OFCS-Collector -> Считывание пачки логов из топика Kafka...
[ofcs-collector] 2026/06/14 11:56:17.767818 [INFO] OFCS-Collector -> Считывание пачки логов из топика Kafka...
[ofcs-collector] 2026/06/14 11:56:18.267638 [INFO] OFCS-Collector -> Считывание пачки логов из топика Kafka...
[ofcs-collector] 2026/06/14 11:56:18.767884 [INFO] OFCS-Collector -> Считывание пачки логов из топика Kafka...
[ofcs-collector] 2026/06/14 11:56:19.268334 [INFO] OFCS-Collector -> Считывание пачки логов из топика Kafka...
[ofcs-collector] 2026/06/14 11:56:19.767659 [INFO] OFCS-Collector -> Считывание пачки логов из топика Kafka...
[ofcs-collector] 2026/06/14 11:56:20.267941 [INFO] OFCS-Collector -> Считывание пачки логов из топика Kafka...
[ofcs-collector] 2026/06/14 11:56:20.768028 [INFO] OFCS-Collector -> Считывание пачки логов из топика Kafka...
[ofcs-collector] 2026/06/14 11:56:21.268306 [INFO] OFCS-Collector -> Считывание пачки логов из топика Kafka...
[ofcs-collector] 2026/06/14 11:56:21.768465 [INFO] OFCS-Collector -> Считывание пачки логов из топика Kafka...
[ofcs-collector] 2026/06/14 11:56:22.267619 [INFO] OFCS-Collector -> Считывание пачки логов из топика Kafka...
[ofcs-collector] 2026/06/14 11:56:22.768149 [INFO] OFCS-Collector -> Считывание пачки логов из топика Kafka...
[ofcs-collector] 2026/06/14 11:56:23.267783 [INFO] OFCS-Collector -> Считывание пачки логов из топика Kafka...
[ofcs-collector] 2026/06/14 11:56:23.767927 [INFO] OFCS-Collector -> Считывание пачки логов из топика Kafka...
[ofcs-collector] 2026/06/14 11:56:24.267881 [INFO] OFCS-Collector -> Считывание пачки логов из топика Kafka...
[ofcs-collector] 2026/06/14 11:56:24.768092 [INFO] OFCS-Collector -> Считывание пачки логов из топика Kafka...
[ofcs-collector] 2026/06/14 11:56:25.267881 [INFO] OFCS-Collector -> Считывание пачки логов из топика Kafka...
[ofcs-collector] 2026/06/14 11:56:25.768087 [INFO] OFCS-Collector -> Считывание пачки логов из топика Kafka...
[ofcs-collector] 2026/06/14 11:56:26.267717 [INFO] OFCS-Collector -> Считывание пачки логов из топика Kafka...
[ofcs-collector] 2026/06/14 11:56:26.767863 [INFO] OFCS-Collector -> Считывание пачки логов из топика Kafka...
[ofcs-collector] 2026/06/14 11:56:27.267965 [INFO] OFCS-Collector -> Считывание пачки логов из топика Kafka...
[ofcs-collector] 2026/06/14 11:56:27.767579 [INFO] OFCS-Collector -> Считывание пачки логов из топика Kafka...
[ofcs-collector] 2026/06/14 11:56:28.268205 [INFO] OFCS-Collector -> Считывание пачки логов из топика Kafka...
[ofcs-collector] 2026/06/14 11:56:28.767869 [INFO] OFCS-Collector -> Считывание пачки логов из топика Kafka...
[ofcs-collector] 2026/06/14 11:56:29.267885 [INFO] OFCS-Collector -> Считывание пачки логов из топика Kafka...
[ofcs-collector] 2026/06/14 11:56:29.767837 [INFO] OFCS-Collector -> Считывание пачки логов из топика Kafka...
[ofcs-collector] 2026/06/14 11:56:30.267999 [INFO] OFCS-Collector -> Считывание пачки логов из топика Kafka...
[ofcs-collector] 2026/06/14 11:56:30.768401 [INFO] OFCS-Collector -> Считывание пачки логов из топика Kafka...
[ofcs-collector] 2026/06/14 11:56:31.268258 [INFO] OFCS-Collector -> Считывание пачки логов из топика Kafka...
[ofcs-collector] 2026/06/14 11:56:31.768267 [INFO] OFCS-Collector -> Считывание пачки логов из топика Kafka...
[ofcs-collector] 2026/06/14 11:56:32.267946 [INFO] OFCS-Collector -> Считывание пачки логов из топика Kafka...
[ofcs-collector] 2026/06/14 11:56:32.767791 [INFO] OFCS-Collector -> Считывание пачки логов из топика Kafka...
[ofcs-collector] 2026/06/14 11:56:33.268392 [INFO] OFCS-Collector -> Считывание пачки логов из топика Kafka...
[ofcs-collector] 2026/06/14 11:56:33.768237 [INFO] OFCS-Collector -> Считывание пачки логов из топика Kafka...
[ofcs-collector] 2026/06/14 11:56:34.268200 [INFO] OFCS-Collector -> Считывание пачки логов из топика Kafka...
[ofcs-collector] 2026/06/14 11:56:34.767952 [INFO] OFCS-Collector -> Считывание пачки логов из топика Kafka...
[ofcs-collector] 2026/06/14 11:56:35.268038 [INFO] OFCS-Collector -> Считывание пачки логов из топика Kafka...
[ofcs-collector] 2026/06/14 11:56:35.767707 [INFO] OFCS-Collector -> Считывание пачки логов из топика Kafka...
[ofcs-collector] 2026/06/14 11:56:36.268281 [INFO] OFCS-Collector -> Считывание пачки логов из топика Kafka...
[ofcs-collector] 2026/06/14 11:56:36.768240 [INFO] OFCS-Collector -> Считывание пачки логов из топика Kafka...
[ofcs-collector] 2026/06/14 11:56:37.267783 [INFO] OFCS-Collector -> Считывание пачки логов из топика Kafka...
[ofcs-collector] 2026/06/14 11:56:37.768314 [INFO] OFCS-Collector -> Считывание пачки логов из топика Kafka...
[ofcs-collector] 2026/06/14 11:56:38.268279 [INFO] OFCS-Collector -> Считывание пачки логов из топика Kafka...
[ofcs-collector] 2026/06/14 11:56:38.768505 [INFO] OFCS-Collector -> Считывание пачки логов из топика Kafka...
[ofcs-collector] 2026/06/14 11:56:39.268129 [INFO] OFCS-Collector -> Считывание пачки логов из топика Kafka...
[ofcs-collector] 2026/06/14 11:56:39.767551 [INFO] OFCS-Collector -> Считывание пачки логов из топика Kafka...
[ofcs-collector] 2026/06/14 11:56:40.268238 [INFO] OFCS-Collector -> Считывание пачки логов из топика Kafka...
[ofcs-collector] 2026/06/14 11:56:40.768299 [INFO] OFCS-Collector -> Считывание пачки логов из топика Kafka...
[ofcs-collector] 2026/06/14 11:56:41.267622 [INFO] OFCS-Collector -> Считывание пачки логов из топика Kafka...
[ofcs-collector] 2026/06/14 11:56:41.767678 [INFO] OFCS-Collector -> Считывание пачки логов из топика Kafka...
[ofcs-collector] 2026/06/14 11:56:42.268280 [INFO] OFCS-Collector -> Считывание пачки логов из топика Kafka...
[ofcs-collector] 2026/06/14 11:56:42.767858 [INFO] OFCS-Collector -> Считывание пачки логов из топика Kafka...
[ofcs-collector] 2026/06/14 11:56:43.268553 [INFO] OFCS-Collector -> Считывание пачки логов из топика Kafka...
[ofcs-collector] 2026/06/14 11:56:43.769468 [INFO] OFCS-Collector -> Считывание пачки логов из топика Kafka...
[ofcs-collector] 2026/06/14 11:56:44.267937 [INFO] OFCS-Collector -> Считывание пачки логов из топика Kafka...
[ofcs-collector] 2026/06/14 11:56:44.767845 [INFO] OFCS-Collector -> Считывание пачки логов из топика Kafka...
[ofcs-collector] 2026/06/14 11:56:45.268271 [INFO] OFCS-Collector -> Считывание пачки логов из топика Kafka...
[ofcs-collector] 2026/06/14 11:56:45.768249 [INFO] OFCS-Collector -> Считывание пачки логов из топика Kafka...
[ofcs-collector] 2026/06/14 11:56:46.268401 [INFO] OFCS-Collector -> Считывание пачки логов из топика Kafka...
[ofcs-collector] 2026/06/14 11:56:46.768100 [INFO] OFCS-Collector -> Считывание пачки логов из топика Kafka...
[ofcs-collector] 2026/06/14 11:56:47.268537 [INFO] OFCS-Collector -> Считывание пачки логов из топика Kafka...
[ofcs-collector] 2026/06/14 11:56:47.767982 [INFO] OFCS-Collector -> Считывание пачки логов из топика Kafka...
[ofcs-collector] 2026/06/14 11:56:48.268172 [INFO] OFCS-Collector -> Считывание пачки логов из топика Kafka...
[ofcs-collector] 2026/06/14 11:56:48.768159 [INFO] OFCS-Collector -> Считывание пачки логов из топика Kafka...
[ofcs-collector] 2026/06/14 11:56:49.268009 [INFO] OFCS-Collector -> Считывание пачки логов из топика Kafka...
[ofcs-collector] 2026/06/14 11:56:49.767995 [INFO] OFCS-Collector -> Считывание пачки логов из топика Kafka...
[ofcs-collector] 2026/06/14 11:56:50.267964 [INFO] OFCS-Collector -> Считывание пачки логов из топика Kafka...
[ofcs-collector] 2026/06/14 11:56:50.768009 [INFO] OFCS-Collector -> Считывание пачки логов из топика Kafka...
[ofcs-collector] 2026/06/14 11:56:51.268262 [INFO] OFCS-Collector -> Считывание пачки логов из топика Kafka...
[ofcs-collector] 2026/06/14 11:56:51.768404 [INFO] OFCS-Collector -> Считывание пачки логов из топика Kafka...
[ofcs-collector] 2026/06/14 11:56:52.267886 [INFO] OFCS-Collector -> Считывание пачки логов из топика Kafka...
[ofcs-collector] 2026/06/14 11:56:52.768214 [INFO] OFCS-Collector -> Считывание пачки логов из топика Kafka...
[ofcs-collector] 2026/06/14 11:56:53.267965 [INFO] OFCS-Collector -> Считывание пачки логов из топика Kafka...
[ofcs-collector] 2026/06/14 11:56:53.768196 [INFO] OFCS-Collector -> Считывание пачки логов из топика Kafka...
[ofcs-collector] 2026/06/14 11:56:54.268110 [INFO] OFCS-Collector -> Считывание пачки логов из топика Kafka...
[ofcs-collector] 2026/06/14 11:56:54.767784 [INFO] OFCS-Collector -> Считывание пачки логов из топика Kafka...
[ofcs-collector] 2026/06/14 11:56:55.268084 [INFO] OFCS-Collector -> Считывание пачки логов из топика Kafka...
[ofcs-collector] 2026/06/14 11:56:55.768455 [INFO] OFCS-Collector -> Считывание пачки логов из топика Kafka...
[ofcs-collector] 2026/06/14 11:56:56.267753 [INFO] OFCS-Collector -> Считывание пачки логов из топика Kafka...
[ofcs-collector] 2026/06/14 11:56:56.767672 [INFO] OFCS-Collector -> Считывание пачки логов из топика Kafka...
[ofcs-collector] 2026/06/14 11:56:57.267990 [INFO] OFCS-Collector -> Считывание пачки логов из топика Kafka...
[ofcs-collector] 2026/06/14 11:56:57.767907 [INFO] OFCS-Collector -> Считывание пачки логов из топика Kafka...
[ofcs-collector] 2026/06/14 11:56:58.267970 [INFO] OFCS-Collector -> Считывание пачки логов из топика Kafka...
[ofcs-collector] 2026/06/14 11:56:58.768320 [INFO] OFCS-Collector -> Считывание пачки логов из топика Kafka...
[ofcs-collector] 2026/06/14 11:56:59.267776 [INFO] OFCS-Collector -> Считывание пачки логов из топика Kafka...
[ofcs-collector] 2026/06/14 11:56:59.768169 [INFO] OFCS-Collector -> Считывание пачки логов из топика Kafka...
[ofcs-collector] 2026/06/14 11:57:00.267989 [INFO] OFCS-Collector -> Считывание пачки логов из топика Kafka...
[ofcs-collector] 2026/06/14 11:57:00.767977 [INFO] OFCS-Collector -> Считывание пачки логов из топика Kafka...
[ofcs-collector] 2026/06/14 11:57:01.267970 [INFO] OFCS-Collector -> Считывание пачки логов из топика Kafka...
[ofcs-collector] 2026/06/14 11:57:01.768296 [INFO] OFCS-Collector -> Считывание пачки логов из топика Kafka...
[ofcs-collector] 2026/06/14 11:57:02.268192 [INFO] OFCS-Collector -> Считывание пачки логов из топика Kafka...
[ofcs-collector] 2026/06/14 11:57:02.767783 [INFO] OFCS-Collector -> Считывание пачки логов из топика Kafka...
[ofcs-collector] 2026/06/14 11:57:03.268105 [INFO] OFCS-Collector -> Считывание пачки логов из топика Kafka...
[ofcs-collector] 2026/06/14 11:57:03.767713 [INFO] OFCS-Collector -> Считывание пачки логов из топика Kafka...
[ofcs-collector] 2026/06/14 11:57:04.268180 [INFO] OFCS-Collector -> Считывание пачки логов из топика Kafka...
[ofcs-collector] 2026/06/14 11:57:04.767961 [INFO] OFCS-Collector -> Считывание пачки логов из топика Kafka...
[ofcs-collector] 2026/06/14 11:57:05.268099 [INFO] OFCS-Collector -> Считывание пачки логов из топика Kafka...
[ofcs-collector] 2026/06/14 11:57:05.767975 [INFO] OFCS-Collector -> Считывание пачки логов из топика Kafka...
[ofcs-collector] 2026/06/14 11:57:06.267898 [INFO] OFCS-Collector -> Считывание пачки логов из топика Kafka...
[ofcs-collector] 2026/06/14 11:57:06.767683 [INFO] OFCS-Collector -> Считывание пачки логов из топика Kafka...
[ofcs-collector] 2026/06/14 11:57:07.267869 [INFO] OFCS-Collector -> Считывание пачки логов из топика Kafka...
[ofcs-collector] 2026/06/14 11:57:07.768262 [INFO] OFCS-Collector -> Считывание пачки логов из топика Kafka...
[ofcs-collector] 2026/06/14 11:57:08.267919 [INFO] OFCS-Collector -> Считывание пачки логов из топика Kafka...
[ofcs-collector] 2026/06/14 11:57:08.767792 [INFO] OFCS-Collector -> Считывание пачки логов из топика Kafka...
[ofcs-collector] 2026/06/14 11:57:09.268034 [INFO] OFCS-Collector -> Считывание пачки логов из топика Kafka...
[ofcs-collector] 2026/06/14 11:57:09.768104 [INFO] OFCS-Collector -> Считывание пачки логов из топика Kafka...
[ofcs-collector] 2026/06/14 11:57:10.268308 [INFO] OFCS-Collector -> Считывание пачки логов из топика Kafka...
[ofcs-collector] 2026/06/14 11:57:10.767656 [INFO] OFCS-Collector -> Считывание пачки логов из топика Kafka...
[ofcs-collector] 2026/06/14 11:57:11.267512 [INFO] OFCS-Collector -> Считывание пачки логов из топика Kafka...
[ofcs-collector] 2026/06/14 11:57:11.767843 [INFO] OFCS-Collector -> Считывание пачки логов из топика Kafka...
[ofcs-collector] 2026/06/14 11:57:12.268047 [INFO] OFCS-Collector -> Считывание пачки логов из топика Kafka...
[ofcs-collector] 2026/06/14 11:57:12.768223 [INFO] OFCS-Collector -> Считывание пачки логов из топика Kafka...
[ofcs-collector] 2026/06/14 11:57:13.267513 [INFO] OFCS-Collector -> Считывание пачки логов из топика Kafka...
[ofcs-collector] 2026/06/14 11:57:13.767942 [INFO] OFCS-Collector -> Считывание пачки логов из топика Kafka...
[ofcs-collector] 2026/06/14 11:57:14.267747 [INFO] OFCS-Collector -> Считывание пачки логов из топика Kafka...
[ofcs-collector] 2026/06/14 11:57:14.767793 [INFO] OFCS-Collector -> Считывание пачки логов из топика Kafka...
[ofcs-collector] 2026/06/14 11:57:15.267684 [INFO] OFCS-Collector -> Считывание пачки логов из топика Kafka...
[ofcs-collector] 2026/06/14 11:57:15.768153 [INFO] OFCS-Collector -> Считывание пачки логов из топика Kafka...
[ofcs-collector] 2026/06/14 11:57:16.268237 [INFO] OFCS-Collector -> Считывание пачки логов из топика Kafka...
[ofcs-collector] 2026/06/14 11:57:16.768355 [INFO] OFCS-Collector -> Считывание пачки логов из топика Kafka...
[ofcs-collector] 2026/06/14 11:57:17.268114 [INFO] OFCS-Collector -> Считывание пачки логов из топика Kafka...
[ofcs-collector] 2026/06/14 11:57:17.767813 [INFO] OFCS-Collector -> Считывание пачки логов из топика Kafka...
[ofcs-collector] 2026/06/14 11:57:18.268066 [INFO] OFCS-Collector -> Считывание пачки логов из топика Kafka...
[ofcs-collector] 2026/06/14 11:57:18.473242 [INFO] Получен системный сигнал ядра Linux [interrupt]. Инициирован Graceful Shutdown...
[ofcs-collector] 2026/06/14 11:57:18.473242 [INFO] OFCS Сборщик логов плавно остановлен.
[ofcs-collector] 2026/06/14 11:57:18.473242 [INFO] Все сетевые сокеты и gRPC соединения успешно закрыты. Сервер остановлен штатно.
[ofcs-collector] 2026/06/14 19:34:53.345186 [INFO] Запуск асинхронного OFCS сборщика CDR-логов...
[ofcs-collector] 2026/06/14 19:34:53.346231 [INFO] Асинхронный конвейер OFCS сборщика логов запущен...
[ofcs-collector] 2026/06/14 19:34:53.847609 [INFO] OFCS-Collector -> Считывание пачки логов из топика Kafka...
[ofcs-collector] 2026/06/14 19:34:54.346778 [INFO] OFCS-Collector -> Считывание пачки логов из топика Kafka...
[ofcs-collector] 2026/06/14 19:34:54.846962 [INFO] OFCS-Collector -> Считывание пачки логов из топика Kafka...
[ofcs-collector] 2026/06/14 19:34:55.346655 [INFO] OFCS-Collector -> Считывание пачки логов из топика Kafka...
[ofcs-collector] 2026/06/14 19:34:55.847316 [INFO] OFCS-Collector -> Считывание пачки логов из топика Kafka...
[ofcs-collector] 2026/06/14 19:34:56.346784 [INFO] OFCS-Collector -> Считывание пачки логов из топика Kafka...
[ofcs-collector] 2026/06/14 19:34:56.846877 [INFO] OFCS-Collector -> Считывание пачки логов из топика Kafka...
[ofcs-collector] 2026/06/14 19:34:57.346904 [INFO] OFCS-Collector -> Считывание пачки логов из топика Kafka...
[ofcs-collector] 2026/06/14 19:34:57.846670 [INFO] OFCS-Collector -> Считывание пачки логов из топика Kafka...
[ofcs-collector] 2026/06/14 19:34:58.346886 [INFO] OFCS-Collector -> Считывание пачки логов из топика Kafka...
[ofcs-collector] 2026/06/14 19:34:58.847288 [INFO] OFCS-Collector -> Считывание пачки логов из топика Kafka...
[ofcs-collector] 2026/06/14 19:34:59.346828 [INFO] OFCS-Collector -> Считывание пачки логов из топика Kafka...
[ofcs-collector] 2026/06/14 19:34:59.846637 [INFO] OFCS-Collector -> Считывание пачки логов из топика Kafka...
[ofcs-collector] 2026/06/14 19:35:00.346442 [INFO] OFCS-Collector -> Считывание пачки логов из топика Kafka...
[ofcs-collector] 2026/06/14 19:35:00.846968 [INFO] OFCS-Collector -> Считывание пачки логов из топика Kafka...
[ofcs-collector] 2026/06/14 19:35:01.347166 [INFO] OFCS-Collector -> Считывание пачки логов из топика Kafka...
[ofcs-collector] 2026/06/14 19:35:01.846600 [INFO] OFCS-Collector -> Считывание пачки логов из топика Kafka...
[ofcs-collector] 2026/06/14 19:35:02.346336 [INFO] OFCS-Collector -> Считывание пачки логов из топика Kafka...
[ofcs-collector] 2026/06/14 19:35:02.846829 [INFO] OFCS-Collector -> Считывание пачки логов из топика Kafka...
[ofcs-collector] 2026/06/14 19:35:03.346822 [INFO] OFCS-Collector -> Считывание пачки логов из топика Kafka...
[ofcs-collector] 2026/06/14 19:35:03.846951 [INFO] OFCS-Collector -> Считывание пачки логов из топика Kafka...
[ofcs-collector] 2026/06/14 19:35:04.346358 [INFO] OFCS-Collector -> Считывание пачки логов из топика Kafka...
[ofcs-collector] 2026/06/14 19:35:04.846723 [INFO] OFCS-Collector -> Считывание пачки логов из топика Kafka...
[ofcs-collector] 2026/06/14 19:35:05.346986 [INFO] OFCS-Collector -> Считывание пачки логов из топика Kafka...
[ofcs-collector] 2026/06/14 19:35:05.846333 [INFO] OFCS-Collector -> Считывание пачки логов из топика Kafka...
[ofcs-collector] 2026/06/14 19:35:06.347148 [INFO] OFCS-Collector -> Считывание пачки логов из топика Kafka...
[ofcs-collector] 2026/06/14 19:35:06.846388 [INFO] OFCS-Collector -> Считывание пачки логов из топика Kafka...
[ofcs-collector] 2026/06/14 19:35:07.346305 [INFO] OFCS-Collector -> Считывание пачки логов из топика Kafka...
[ofcs-collector] 2026/06/14 19:35:07.846558 [INFO] OFCS-Collector -> Считывание пачки логов из топика Kafka...
[ofcs-collector] 2026/06/14 19:35:08.346815 [INFO] OFCS-Collector -> Считывание пачки логов из топика Kafka...
[ofcs-collector] 2026/06/14 19:35:08.847162 [INFO] OFCS-Collector -> Считывание пачки логов из топика Kafka...
[ofcs-collector] 2026/06/14 19:35:09.346352 [INFO] OFCS-Collector -> Считывание пачки логов из топика Kafka...
[ofcs-collector] 2026/06/14 19:35:09.847041 [INFO] OFCS-Collector -> Считывание пачки логов из топика Kafka...
[ofcs-collector] 2026/06/14 19:35:10.346853 [INFO] OFCS-Collector -> Считывание пачки логов из топика Kafka...
[ofcs-collector] 2026/06/14 19:35:10.846878 [INFO] OFCS-Collector -> Считывание пачки логов из топика Kafka...
[ofcs-collector] 2026/06/14 19:35:11.346704 [INFO] OFCS-Collector -> Считывание пачки логов из топика Kafka...
[ofcs-collector] 2026/06/14 19:35:11.778453 [INFO] Получен системный сигнал ядра Linux [interrupt]. Инициирован Graceful Shutdown...
[ofcs-collector] 2026/06/14 19:35:11.778453 [INFO] OFCS Сборщик логов плавно остановлен.
[ofcs-collector] 2026/06/14 19:35:11.778453 [INFO] Все сетевые сокеты и gRPC соединения успешно закрыты. Сервер остановлен штатно.
[ofcs-collector] 2026/06/14 19:37:12.203435 [INFO] Запуск асинхронного OFCS сборщика CDR-логов...
[ofcs-collector] 2026/06/14 19:37:12.203952 [INFO] Асинхронный конвейер OFCS сборщика логов запущен...
[ofcs-collector] 2026/06/14 19:37:12.704426 [INFO] OFCS-Collector -> Считывание пачки логов из топика Kafka...
[ofcs-collector] 2026/06/14 19:37:13.204158 [INFO] OFCS-Collector -> Считывание пачки логов из топика Kafka...
[ofcs-collector] 2026/06/14 19:37:13.704092 [INFO] OFCS-Collector -> Считывание пачки логов из топика Kafka...
[ofcs-collector] 2026/06/14 19:37:14.204875 [INFO] OFCS-Collector -> Считывание пачки логов из топика Kafka...
[ofcs-collector] 2026/06/14 19:37:14.704080 [INFO] OFCS-Collector -> Считывание пачки логов из топика Kafka...
[ofcs-collector] 2026/06/14 19:37:15.204113 [INFO] OFCS-Collector -> Считывание пачки логов из топика Kafka...
[ofcs-collector] 2026/06/14 19:37:15.704425 [INFO] OFCS-Collector -> Считывание пачки логов из топика Kafka...
[ofcs-collector] 2026/06/14 19:37:16.204077 [INFO] OFCS-Collector -> Считывание пачки логов из топика Kafka...
[ofcs-collector] 2026/06/14 19:37:16.704136 [INFO] OFCS-Collector -> Считывание пачки логов из топика Kafka...
[ofcs-collector] 2026/06/14 19:37:17.204139 [INFO] OFCS-Collector -> Считывание пачки логов из топика Kafka...
[ofcs-collector] 2026/06/14 19:37:17.704207 [INFO] OFCS-Collector -> Считывание пачки логов из топика Kafka...
[ofcs-collector] 2026/06/14 19:37:18.204215 [INFO] OFCS-Collector -> Считывание пачки логов из топика Kafka...
[ofcs-collector] 2026/06/14 19:37:18.704461 [INFO] OFCS-Collector -> Считывание пачки логов из топика Kafka...
[ofcs-collector] 2026/06/14 19:37:19.204478 [INFO] OFCS-Collector -> Считывание пачки логов из топика Kafka...
[ofcs-collector] 2026/06/14 19:37:19.704463 [INFO] OFCS-Collector -> Считывание пачки логов из топика Kafka...
[ofcs-collector] 2026/06/14 19:37:20.204861 [INFO] OFCS-Collector -> Считывание пачки логов из топика Kafka...
[ofcs-collector] 2026/06/14 19:37:20.704757 [INFO] OFCS-Collector -> Считывание пачки логов из топика Kafka...
[ofcs-collector] 2026/06/14 19:37:21.204372 [INFO] OFCS-Collector -> Считывание пачки логов из топика Kafka...
[ofcs-collector] 2026/06/14 19:37:21.704830 [INFO] OFCS-Collector -> Считывание пачки логов из топика Kafka...
[ofcs-collector] 2026/06/14 19:37:22.204514 [INFO] OFCS-Collector -> Считывание пачки логов из топика Kafka...
[ofcs-collector] 2026/06/14 19:37:22.704781 [INFO] OFCS-Collector -> Считывание пачки логов из топика Kafka...
[ofcs-collector] 2026/06/14 19:37:23.204517 [INFO] OFCS-Collector -> Считывание пачки логов из топика Kafka...
[ofcs-collector] 2026/06/14 19:37:23.704347 [INFO] OFCS-Collector -> Считывание пачки логов из топика Kafka...
[ofcs-collector] 2026/06/14 19:37:24.204774 [INFO] OFCS-Collector -> Считывание пачки логов из топика Kafka...
[ofcs-collector] 2026/06/14 19:37:24.704624 [INFO] OFCS-Collector -> Считывание пачки логов из топика Kafka...
[ofcs-collector] 2026/06/14 19:37:25.204479 [INFO] OFCS-Collector -> Считывание пачки логов из топика Kafka...
[ofcs-collector] 2026/06/14 19:37:25.704286 [INFO] OFCS-Collector -> Считывание пачки логов из топика Kafka...
[ofcs-collector] 2026/06/14 19:37:26.204416 [INFO] OFCS-Collector -> Считывание пачки логов из топика Kafka...
[ofcs-collector] 2026/06/14 19:37:26.704384 [INFO] OFCS-Collector -> Считывание пачки логов из топика Kafka...
[ofcs-collector] 2026/06/14 19:37:27.204668 [INFO] OFCS-Collector -> Считывание пачки логов из топика Kafka...
[ofcs-collector] 2026/06/14 19:37:27.704531 [INFO] OFCS-Collector -> Считывание пачки логов из топика Kafka...
[ofcs-collector] 2026/06/14 19:37:28.204832 [INFO] OFCS-Collector -> Считывание пачки логов из топика Kafka...
[ofcs-collector] 2026/06/14 19:37:28.704586 [INFO] OFCS-Collector -> Считывание пачки логов из топика Kafka...
[ofcs-collector] 2026/06/14 19:37:29.204214 [INFO] OFCS-Collector -> Считывание пачки логов из топика Kafka...
[ofcs-collector] 2026/06/14 19:37:29.240231 [INFO] Получен системный сигнал ядра Linux [interrupt]. Инициирован Graceful Shutdown...
[ofcs-collector] 2026/06/14 19:37:29.240231 [INFO] OFCS Сборщик логов плавно остановлен.
[ofcs-collector] 2026/06/14 19:37:29.240231 [INFO] Все сетевые сокеты и gRPC соединения успешно закрыты. Сервер остановлен штатно.
