[olap-analytics-clickhouse-emulator] 2026/06/13 22:20:18.670790 [INFO] Запуск Аналитического Хранилища ClickHouse (OLAP Emulator)...
[olap-analytics-clickhouse-emulator] 2026/06/13 22:20:18.711595 [INFO] gRPC ClickHouse-Сервер успешно запущен на :8123
[olap-analytics-clickhouse-emulator] 2026/06/13 22:20:31.082758 [INFO] ClickHouse -> Запись пакета (Batch INSERT) из 30 CDR-логов на NVMe диск...
[olap-analytics-clickhouse-emulator] 2026/06/13 22:20:31.083858 [INFO] ClickHouse SUCCESS -> Пачка успешно закоммичена. Файл уплотнен (Merged).
[olap-analytics-clickhouse-emulator] 2026/06/13 22:20:31.084396 [INFO] RPC SUCCESS [Method: /pb.DiameterGz/StreamCdrLogs] | Latency: 1.638ms | Code: OK
[olap-analytics-clickhouse-emulator] 2026/06/13 22:20:31.582211 [INFO] ClickHouse -> Запись пакета (Batch INSERT) из 30 CDR-логов на NVMe диск...
[olap-analytics-clickhouse-emulator] 2026/06/13 22:20:31.582799 [INFO] ClickHouse SUCCESS -> Пачка успешно закоммичена. Файл уплотнен (Merged).
[olap-analytics-clickhouse-emulator] 2026/06/13 22:20:31.582799 [INFO] RPC SUCCESS [Method: /pb.DiameterGz/StreamCdrLogs] | Latency: 588µs | Code: OK
[olap-analytics-clickhouse-emulator] 2026/06/13 22:20:32.082393 [INFO] ClickHouse -> Запись пакета (Batch INSERT) из 30 CDR-логов на NVMe диск...
[olap-analytics-clickhouse-emulator] 2026/06/13 22:20:32.082958 [INFO] ClickHouse SUCCESS -> Пачка успешно закоммичена. Файл уплотнен (Merged).
[olap-analytics-clickhouse-emulator] 2026/06/13 22:20:32.083485 [INFO] RPC SUCCESS [Method: /pb.DiameterGz/StreamCdrLogs] | Latency: 564.9µs | Code: OK
[olap-analytics-clickhouse-emulator] 2026/06/13 22:20:32.583044 [INFO] ClickHouse -> Запись пакета (Batch INSERT) из 30 CDR-логов на NVMe диск...
[olap-analytics-clickhouse-emulator] 2026/06/13 22:20:32.583044 [INFO] ClickHouse SUCCESS -> Пачка успешно закоммичена. Файл уплотнен (Merged).
[olap-analytics-clickhouse-emulator] 2026/06/13 22:20:32.583044 [INFO] RPC SUCCESS [Method: /pb.DiameterGz/StreamCdrLogs] | Latency: 627.1µs | Code: OK
[olap-analytics-clickhouse-emulator] 2026/06/13 22:20:33.082332 [INFO] ClickHouse -> Запись пакета (Batch INSERT) из 30 CDR-логов на NVMe диск...
[olap-analytics-clickhouse-emulator] 2026/06/13 22:20:33.082926 [INFO] ClickHouse SUCCESS -> Пачка успешно закоммичена. Файл уплотнен (Merged).
[olap-analytics-clickhouse-emulator] 2026/06/13 22:20:33.082926 [INFO] RPC SUCCESS [Method: /pb.DiameterGz/StreamCdrLogs] | Latency: 593.8µs | Code: OK
[olap-analytics-clickhouse-emulator] 2026/06/13 22:20:33.600652 [INFO] ClickHouse -> Запись пакета (Batch INSERT) из 30 CDR-логов на NVMe диск...
[olap-analytics-clickhouse-emulator] 2026/06/13 22:20:33.601172 [INFO] ClickHouse SUCCESS -> Пачка успешно закоммичена. Файл уплотнен (Merged).
[olap-analytics-clickhouse-emulator] 2026/06/13 22:20:33.601172 [INFO] RPC SUCCESS [Method: /pb.DiameterGz/StreamCdrLogs] | Latency: 519.8µs | Code: OK
[olap-analytics-clickhouse-emulator] 2026/06/13 22:20:34.082853 [INFO] ClickHouse -> Запись пакета (Batch INSERT) из 30 CDR-логов на NVMe диск...
[olap-analytics-clickhouse-emulator] 2026/06/13 22:20:34.083388 [INFO] ClickHouse SUCCESS -> Пачка успешно закоммичена. Файл уплотнен (Merged).
[olap-analytics-clickhouse-emulator] 2026/06/13 22:20:34.083388 [INFO] RPC SUCCESS [Method: /pb.DiameterGz/StreamCdrLogs] | Latency: 535.2µs | Code: OK
[olap-analytics-clickhouse-emulator] 2026/06/13 22:20:34.583079 [INFO] ClickHouse -> Запись пакета (Batch INSERT) из 30 CDR-логов на NVMe диск...
[olap-analytics-clickhouse-emulator] 2026/06/13 22:20:34.583702 [INFO] ClickHouse SUCCESS -> Пачка успешно закоммичена. Файл уплотнен (Merged).
[olap-analytics-clickhouse-emulator] 2026/06/13 22:20:34.584229 [INFO] RPC SUCCESS [Method: /pb.DiameterGz/StreamCdrLogs] | Latency: 1.1499ms | Code: OK
[olap-analytics-clickhouse-emulator] 2026/06/13 22:20:35.082513 [INFO] ClickHouse -> Запись пакета (Batch INSERT) из 30 CDR-логов на NVMe диск...
[olap-analytics-clickhouse-emulator] 2026/06/13 22:20:35.083113 [INFO] ClickHouse SUCCESS -> Пачка успешно закоммичена. Файл уплотнен (Merged).
[olap-analytics-clickhouse-emulator] 2026/06/13 22:20:35.083113 [INFO] RPC SUCCESS [Method: /pb.DiameterGz/StreamCdrLogs] | Latency: 600.1µs | Code: OK
[olap-analytics-clickhouse-emulator] 2026/06/13 22:20:35.582610 [INFO] ClickHouse -> Запись пакета (Batch INSERT) из 30 CDR-логов на NVMe диск...
[olap-analytics-clickhouse-emulator] 2026/06/13 22:20:35.583157 [INFO] ClickHouse SUCCESS -> Пачка успешно закоммичена. Файл уплотнен (Merged).
[olap-analytics-clickhouse-emulator] 2026/06/13 22:20:35.583157 [INFO] RPC SUCCESS [Method: /pb.DiameterGz/StreamCdrLogs] | Latency: 547µs | Code: OK
[olap-analytics-clickhouse-emulator] 2026/06/13 22:20:36.111533 [INFO] ClickHouse -> Запись пакета (Batch INSERT) из 30 CDR-логов на NVMe диск...
[olap-analytics-clickhouse-emulator] 2026/06/13 22:20:36.112142 [INFO] ClickHouse SUCCESS -> Пачка успешно закоммичена. Файл уплотнен (Merged).
[olap-analytics-clickhouse-emulator] 2026/06/13 22:20:36.112142 [INFO] RPC SUCCESS [Method: /pb.DiameterGz/StreamCdrLogs] | Latency: 1.1272ms | Code: OK
[olap-analytics-clickhouse-emulator] 2026/06/13 22:20:36.582631 [INFO] ClickHouse -> Запись пакета (Batch INSERT) из 30 CDR-логов на NVMe диск...
[olap-analytics-clickhouse-emulator] 2026/06/13 22:20:36.582631 [INFO] ClickHouse SUCCESS -> Пачка успешно закоммичена. Файл уплотнен (Merged).
[olap-analytics-clickhouse-emulator] 2026/06/13 22:20:36.583286 [INFO] RPC SUCCESS [Method: /pb.DiameterGz/StreamCdrLogs] | Latency: 1.1808ms | Code: OK
[olap-analytics-clickhouse-emulator] 2026/06/13 22:20:38.263646 [INFO] Получен системный сигнал ядра Linux [interrupt]. Инициирован Graceful Shutdown...
[olap-analytics-clickhouse-emulator] 2026/06/13 22:20:38.264174 [INFO] Все сетевые сокеты и gRPC соединения успешно закрыты. Сервер остановлен штатно.
[olap-analytics-clickhouse-emulator] 2026/06/14 11:00:22.274653 [INFO] Запуск Аналитического Хранилища ClickHouse (OLAP Emulator)...
[olap-analytics-clickhouse-emulator] 2026/06/14 11:00:22.279167 [INFO] gRPC ClickHouse-Сервер успешно запущен на :8123
[olap-analytics-clickhouse-emulator] 2026/06/14 11:02:26.345411 [INFO] Получен системный сигнал ядра Linux [interrupt]. Инициирован Graceful Shutdown...
[olap-analytics-clickhouse-emulator] 2026/06/14 11:02:26.345961 [INFO] Все сетевые сокеты и gRPC соединения успешно закрыты. Сервер остановлен штатно.
