[pcef-generic-service] 2026/06/13 18:41:35.935229 [INFO] Инициализация NoSQL СУБД ScyllaDB (SPR) Эмулятора...
[pcef-generic-service] 2026/06/13 18:41:35.984290 [INFO] gRPC NoSQL-Сервер базы данных успешно запущен на :50050
[pcef-generic-service] 2026/06/13 18:41:56.123659 [INFO] Получен системный сигнал ядра Linux [interrupt]. Инициирован Graceful Shutdown...
[pcef-generic-service] 2026/06/13 18:41:56.124166 [INFO] Все сетевые сокеты и gRPC соединения успешно закрыты. Сервер остановлен штатно.
[pcef-generic-service] 2026/06/13 18:48:54.805535 [INFO] Инициализация финтех-ядра онлайн-биллинга OCS (Aerospike HMA Emulator)...
[pcef-generic-service] 2026/06/13 18:48:54.809296 [INFO] gRPC OCS-Биллинг сервер успешно запущен на :50050
[pcef-generic-service] 2026/06/13 18:49:03.369194 [INFO] Получен системный сигнал ядра Linux [interrupt]. Инициирован Graceful Shutdown...
[pcef-generic-service] 2026/06/13 18:49:03.371938 [INFO] Все сетевые сокеты и gRPC соединения успешно закрыты. Сервер остановлен штатно.
[pcef-generic-service] 2026/06/13 19:02:24.313625 [INFO] Запуск Исполнительного Ядра Трафика PCEF Core (User Plane Go Engine)...
[pcef-generic-service] 2026/06/13 19:02:24.314187 [FATAL] Не удалось установить сетевое соединение с OCS-биллингом по адресу : failed to exit idle mode: failed to start resolver: passthrough: received empty target in Build()
[pcef-generic-service] 2026/06/13 19:04:16.056571 [INFO] Запуск Исполнительного Ядра Трафика PCEF Core (User Plane Go Engine)...
[pcef-generic-service] 2026/06/13 19:04:16.059809 [INFO] gRPC PCEF-Core поток обработки фреймов успешно запущен на :50050
[pcef-generic-service] 2026/06/13 19:04:25.658306 [INFO] Получен системный сигнал ядра Linux [interrupt]. Инициирован Graceful Shutdown...
[pcef-generic-service] 2026/06/13 19:04:25.658815 [INFO] Все сетевые сокеты и gRPC соединения успешно закрыты. Сервер остановлен штатно.
[pcef-generic-service] 2026/06/13 19:17:43.874851 [INFO] Запуск Нагрузочного Генератора Трафика Абонентов (UE Emulator)...
[pcef-generic-service] 2026/06/13 19:17:43.875371 [INFO] Запуск Highload стресс-теста: 5 горутин-абонентов
[pcef-generic-service] 2026/06/13 19:17:43.896904 [ERROR] [250010000000002] Не удалось открыть gRPC сокет потока трафика: rpc error: code = Unavailable desc = connection error: desc = "transport: Error while dialing: dial tcp 127.0.0.1:50052: connectex: No connection could be made because the target machine actively refused it."
[pcef-generic-service] 2026/06/13 19:17:43.896904 [ERROR] [250010000000002] Не удалось открыть gRPC сокет потока трафика: rpc error: code = Unavailable desc = connection error: desc = "transport: Error while dialing: dial tcp 127.0.0.1:50052: connectex: No connection could be made because the target machine actively refused it."
[pcef-generic-service] 2026/06/13 19:17:43.897424 [ERROR] [250010000000002] Не удалось открыть gRPC сокет потока трафика: rpc error: code = Unavailable desc = connection error: desc = "transport: Error while dialing: dial tcp 127.0.0.1:50052: connectex: No connection could be made because the target machine actively refused it."
[pcef-generic-service] 2026/06/13 19:17:43.897424 [ERROR] [250010000000001] Не удалось открыть gRPC сокет потока трафика: rpc error: code = Unavailable desc = connection error: desc = "transport: Error while dialing: dial tcp 127.0.0.1:50052: connectex: No connection could be made because the target machine actively refused it."
[pcef-generic-service] 2026/06/13 19:17:43.897424 [ERROR] [250010000000001] Не удалось открыть gRPC сокет потока трафика: rpc error: code = Unavailable desc = connection error: desc = "transport: Error while dialing: dial tcp 127.0.0.1:50052: connectex: No connection could be made because the target machine actively refused it."
[pcef-generic-service] 2026/06/13 19:17:48.945732 [INFO] Получен системный сигнал ядра Linux [interrupt]. Инициирован Graceful Shutdown...
[pcef-generic-service] 2026/06/13 19:17:48.945732 [INFO] Нагрузочный генератор успешно остановлен.
[pcef-generic-service] 2026/06/13 19:17:48.946273 [INFO] Все сетевые сокеты и gRPC соединения успешно закрыты. Сервер остановлен штатно.
[pcef-generic-service] 2026/06/13 19:19:04.154433 [INFO] Инициализация финтех-ядра онлайн-биллинга OCS (Aerospike HMA Emulator)...
[pcef-generic-service] 2026/06/13 19:19:04.157101 [INFO] gRPC OCS-Биллинг сервер успешно запущен на :50050
[pcef-generic-service] 2026/06/13 19:19:15.077004 [INFO] Запуск Исполнительного Ядра Трафика PCEF Core (User Plane Go Engine)...
[pcef-generic-service] 2026/06/13 19:19:15.079650 [FATAL] Не удалось открыть сетевой gRPC-порт :50050: listen tcp :50050: bind: Only one usage of each socket address (protocol/network address/port) is normally permitted.
[pcef-generic-service] 2026/06/13 19:21:01.728473 [INFO] Получен системный сигнал ядра Linux [interrupt]. Инициирован Graceful Shutdown...
[pcef-generic-service] 2026/06/13 19:21:01.731875 [INFO] Все сетевые сокеты и gRPC соединения успешно закрыты. Сервер остановлен штатно.
[pcef-generic-service] 2026/06/14 11:54:39.507460 [INFO] Инициализация NoSQL СУБД ScyllaDB (SPR) Эмулятора...
[pcef-generic-service] 2026/06/14 11:54:39.511340 [INFO] gRPC NoSQL-Сервер базы данных успешно запущен на :50050
[pcef-generic-service] 2026/06/14 11:55:18.932064 [INFO] Получен системный сигнал ядра Linux [interrupt]. Инициирован Graceful Shutdown...
[pcef-generic-service] 2026/06/14 11:55:18.933575 [INFO] Все сетевые сокеты и gRPC соединения успешно закрыты. Сервер остановлен штатно.
[pcef-generic-service] 2026/06/14 11:56:04.006971 [INFO] Инициализация NoSQL СУБД ScyllaDB (SPR) Эмулятора...
[pcef-generic-service] 2026/06/14 11:56:04.010343 [INFO] gRPC NoSQL-Сервер базы данных успешно запущен на :50050
[pcef-generic-service] 2026/06/14 11:57:18.474752 [INFO] Получен системный сигнал ядра Linux [interrupt]. Инициирован Graceful Shutdown...
[pcef-generic-service] 2026/06/14 11:57:18.477755 [INFO] Все сетевые сокеты и gRPC соединения успешно закрыты. Сервер остановлен штатно.
[pcef-generic-service] 2026/06/14 19:34:49.597306 [INFO] Инициализация NoSQL СУБД ScyllaDB (SPR) Эмулятора...
[pcef-generic-service] 2026/06/14 19:34:49.600512 [INFO] gRPC NoSQL-Сервер базы данных успешно запущен на :50050
[pcef-generic-service] 2026/06/14 19:35:11.780136 [INFO] Получен системный сигнал ядра Linux [interrupt]. Инициирован Graceful Shutdown...
[pcef-generic-service] 2026/06/14 19:35:11.781671 [INFO] Все сетевые сокеты и gRPC соединения успешно закрыты. Сервер остановлен штатно.
[pcef-generic-service] 2026/06/14 19:37:09.981977 [INFO] Инициализация NoSQL СУБД ScyllaDB (SPR) Эмулятора...
[pcef-generic-service] 2026/06/14 19:37:09.984703 [INFO] gRPC NoSQL-Сервер базы данных успешно запущен на :50050
[pcef-generic-service] 2026/06/14 19:37:29.240231 [INFO] Получен системный сигнал ядра Linux [interrupt]. Инициирован Graceful Shutdown...
[pcef-generic-service] 2026/06/14 19:37:29.242403 [INFO] Все сетевые сокеты и gRPC соединения успешно закрыты. Сервер остановлен штатно.
[pcef-generic-service] 2026/06/14 19:53:29.851588 [INFO] Инициализация NoSQL СУБД ScyllaDB (SPR) Эмулятора...
[pcef-generic-service] 2026/06/14 19:53:29.864845 [INFO] gRPC NoSQL-Сервер базы данных успешно запущен на :50050
[pcef-generic-service] 2026/06/14 19:56:02.813696 [INFO] Получен системный сигнал ядра Linux [terminated]. Инициирован Graceful Shutdown...
[pcef-generic-service] 2026/06/14 19:56:02.814452 [INFO] Все сетевые сокеты и gRPC соединения успешно закрыты. Сервер остановлен штатно.
[pcef-generic-service] 2026/06/14 19:56:03.223695 [INFO] Инициализация NoSQL СУБД ScyllaDB (SPR) Эмулятора...
[pcef-generic-service] 2026/06/14 19:56:03.227788 [INFO] gRPC NoSQL-Сервер базы данных успешно запущен на :50050
[pcef-generic-service] 2026/06/14 19:56:15.149834 [INFO] Получен системный сигнал ядра Linux [interrupt]. Инициирован Graceful Shutdown...
[pcef-generic-service] 2026/06/14 19:56:15.152264 [INFO] Все сетевые сокеты и gRPC соединения успешно закрыты. Сервер остановлен штатно.
[pcef-generic-service] 2026/06/14 20:04:21.763928 [INFO] Инициализация NoSQL СУБД ScyllaDB (SPR) Эмулятора...
[pcef-generic-service] 2026/06/14 20:04:21.766127 [INFO] gRPC NoSQL-Сервер базы данных успешно запущен на :50050
[pcef-generic-service] 2026/06/14 20:04:26.527576 [INFO] Получен системный сигнал ядра Linux [interrupt]. Инициирован Graceful Shutdown...
[pcef-generic-service] 2026/06/14 20:04:26.530597 [INFO] Все сетевые сокеты и gRPC соединения успешно закрыты. Сервер остановлен штатно.
[pcef-generic-service] 2026/06/14 20:04:54.977107 [INFO] Инициализация NoSQL СУБД ScyllaDB (SPR) Эмулятора...
[pcef-generic-service] 2026/06/14 20:04:54.979224 [INFO] gRPC NoSQL-Сервер базы данных успешно запущен на :50050
[pcef-generic-service] 2026/06/14 20:04:56.357280 [INFO] Получен системный сигнал ядра Linux [interrupt]. Инициирован Graceful Shutdown...
[pcef-generic-service] 2026/06/14 20:04:56.357796 [INFO] Все сетевые сокеты и gRPC соединения успешно закрыты. Сервер остановлен штатно.
[pcef-generic-service] 2026/06/14 20:10:19.498350 [INFO] Инициализация NoSQL СУБД ScyllaDB (SPR) Эмулятора...
[pcef-generic-service] 2026/06/14 20:10:19.512682 [INFO] gRPC NoSQL-Сервер базы данных успешно запущен на :50050
[pcef-generic-service] 2026/06/14 20:10:30.858108 [INFO] Получен системный сигнал ядра Linux [interrupt]. Инициирован Graceful Shutdown...
[pcef-generic-service] 2026/06/14 20:10:30.860852 [INFO] Все сетевые сокеты и gRPC соединения успешно закрыты. Сервер остановлен штатно.
[pcef-generic-service] 2026/06/14 20:10:48.264287 [INFO] Инициализация NoSQL СУБД ScyllaDB (SPR) Эмулятора...
[pcef-generic-service] 2026/06/14 20:10:48.271747 [INFO] gRPC NoSQL-Сервер базы данных успешно запущен на :50050
[pcef-generic-service] 2026/06/14 20:10:58.011473 [INFO] Получен системный сигнал ядра Linux [interrupt]. Инициирован Graceful Shutdown...
[pcef-generic-service] 2026/06/14 20:10:58.013254 [INFO] Все сетевые сокеты и gRPC соединения успешно закрыты. Сервер остановлен штатно.
[pcef-generic-service] 2026/06/14 20:13:44.636091 [INFO] Инициализация NoSQL СУБД ScyllaDB (SPR) Эмулятора...
[pcef-generic-service] 2026/06/14 20:13:44.640094 [INFO] gRPC NoSQL-Сервер базы данных успешно запущен на :50050
[pcef-generic-service] 2026/06/14 20:13:56.933656 [INFO] Получен системный сигнал ядра Linux [interrupt]. Инициирован Graceful Shutdown...
[pcef-generic-service] 2026/06/14 20:13:56.937035 [INFO] Все сетевые сокеты и gRPC соединения успешно закрыты. Сервер остановлен штатно.
[pcef-generic-service] 2026/06/14 20:14:00.468012 [INFO] Инициализация NoSQL СУБД ScyllaDB (SPR) Эмулятора...
[pcef-generic-service] 2026/06/14 20:14:00.475670 [INFO] gRPC NoSQL-Сервер базы данных успешно запущен на :50050
[pcef-generic-service] 2026/06/14 20:14:08.442105 [INFO] Получен системный сигнал ядра Linux [interrupt]. Инициирован Graceful Shutdown...
[pcef-generic-service] 2026/06/14 20:14:08.443353 [INFO] Все сетевые сокеты и gRPC соединения успешно закрыты. Сервер остановлен штатно.
[pcef-generic-service] 2026/06/14 20:14:21.269956 [INFO] Инициализация NoSQL СУБД ScyllaDB (SPR) Эмулятора...
[pcef-generic-service] 2026/06/14 20:14:21.275707 [INFO] gRPC NoSQL-Сервер базы данных успешно запущен на :50050
[pcef-generic-service] 2026/06/14 20:14:31.036188 [INFO] Получен системный сигнал ядра Linux [interrupt]. Инициирован Graceful Shutdown...
[pcef-generic-service] 2026/06/14 20:14:31.037968 [INFO] Все сетевые сокеты и gRPC соединения успешно закрыты. Сервер остановлен штатно.
[pcef-generic-service] 2026/06/14 20:14:42.127294 [INFO] Инициализация NoSQL СУБД ScyllaDB (SPR) Эмулятора...
[pcef-generic-service] 2026/06/14 20:14:42.129954 [INFO] gRPC NoSQL-Сервер базы данных успешно запущен на :50050
[pcef-generic-service] 2026/06/14 20:14:45.980296 [INFO] Получен системный сигнал ядра Linux [interrupt]. Инициирован Graceful Shutdown...
[pcef-generic-service] 2026/06/14 20:14:45.980805 [INFO] Все сетевые сокеты и gRPC соединения успешно закрыты. Сервер остановлен штатно.
