[pcef-core-engine] 2026/06/13 19:22:43.682418 [INFO] Запуск Исполнительного Ядра Трафика PCEF Core (User Plane Go Engine)...
[pcef-core-engine] 2026/06/13 19:22:43.731375 [INFO] gRPC PCEF-Core поток обработки фреймов успешно запущен на :50052
[pcef-core-engine] 2026/06/13 19:29:40.832108 [INFO] Получен системный сигнал ядра Linux [interrupt]. Инициирован Graceful Shutdown...
[pcef-core-engine] 2026/06/13 19:29:40.832108 [INFO] Все сетевые сокеты и gRPC соединения успешно закрыты. Сервер остановлен штатно.
[pcef-core-engine] 2026/06/13 19:31:28.611247 [INFO] Запуск Исполнительного Ядра Трафика PCEF Core (User Plane Go Engine)...
[pcef-core-engine] 2026/06/13 19:31:28.614910 [INFO] gRPC PCEF-Core поток обработки фреймов успешно запущен на :50052
[pcef-core-engine] 2026/06/13 19:33:57.261665 [INFO] Получен системный сигнал ядра Linux [interrupt]. Инициирован Graceful Shutdown...
[pcef-core-engine] 2026/06/13 19:33:57.261665 [INFO] Все сетевые сокеты и gRPC соединения успешно закрыты. Сервер остановлен штатно.
[pcef-core-engine] 2026/06/13 20:19:14.460387 [INFO] Запуск Исполнительного Ядра Трафика PCEF Core (User Plane Go Engine)...
[pcef-core-engine] 2026/06/13 20:19:14.463689 [INFO] gRPC PCEF-Core поток обработки фреймов успешно запущен на :50052
[pcef-core-engine] 2026/06/13 22:12:29.113725 [INFO] Получен системный сигнал ядра Linux [interrupt]. Инициирован Graceful Shutdown...
[pcef-core-engine] 2026/06/13 22:12:29.115036 [INFO] Все сетевые сокеты и gRPC соединения успешно закрыты. Сервер остановлен штатно.
[pcef-core-engine] 2026/06/14 11:00:45.307924 [INFO] Запуск Исполнительного Ядра Трафика PCEF Core (User Plane Go Engine)...
[pcef-core-engine] 2026/06/14 11:00:45.315347 [INFO] gRPC PCEF-Core поток обработки фреймов успешно запущен на :50052
[pcef-core-engine] 2026/06/14 11:02:22.735460 [INFO] Получен системный сигнал ядра Linux [interrupt]. Инициирован Graceful Shutdown...
[pcef-core-engine] 2026/06/14 11:02:22.735460 [INFO] Все сетевые сокеты и gRPC соединения успешно закрыты. Сервер остановлен штатно.
[pcef-core-engine] 2026/06/14 11:42:50.406582 [INFO] Запуск Исполнительного Ядра Трафика PCEF Core (User Plane Go Engine)...
[pcef-core-engine] 2026/06/14 11:42:50.408193 [INFO] Observability Core -> HTTP-порт сбора OpenTelemetry/Prometheus метрик успешно запущен на :8080/metrics
[pcef-core-engine] 2026/06/14 11:42:50.411423 [INFO] gRPC PCEF-Core поток обработки фреймов успешно запущен на :50052
[pcef-core-engine] 2026/06/14 11:47:12.647175 [INFO] Получен системный сигнал ядра Linux [interrupt]. Инициирован Graceful Shutdown...
[pcef-core-engine] 2026/06/14 11:47:12.649364 [INFO] Все сетевые сокеты и gRPC соединения успешно закрыты. Сервер остановлен штатно.
[pcef-core-engine] 2026/06/14 11:54:42.852520 [INFO] Запуск Исполнительного Ядра Трафика PCEF Core (User Plane Go Engine)...
[pcef-core-engine] 2026/06/14 11:54:42.854529 [INFO] Observability Core -> HTTP-порт сбора OpenTelemetry/Prometheus метрик успешно запущен на :8080/metrics
[pcef-core-engine] 2026/06/14 11:54:42.856530 [INFO] gRPC PCEF-Core поток обработки фреймов успешно запущен на :50052
[pcef-core-engine] 2026/06/14 11:54:47.138580 [INFO] PCEF Core Gx -> Сессия Абонента [192.168.1.50] успешно взведена в Reactive LRU Cache по сигналу PCRF
[pcef-core-engine] 2026/06/14 11:54:47.138580 [INFO] RPC SUCCESS [Method: /pb.DiameterGx/ProvisionPccRules] | Latency: 0s | Code: OK
[pcef-core-engine] 2026/06/14 11:54:47.139646 [INFO] PCEF Core Gx -> Сессия Абонента [192.168.1.51] успешно взведена в Reactive LRU Cache по сигналу PCRF
[pcef-core-engine] 2026/06/14 11:54:47.139646 [INFO] RPC SUCCESS [Method: /pb.DiameterGx/ProvisionPccRules] | Latency: 0s | Code: OK
[pcef-core-engine] 2026/06/14 11:55:15.141837 [ERROR] Ошибка конвейера диспетчеризации PCEF: architecture violation: unhandled composite bitmask condition [0xB]
[pcef-core-engine] 2026/06/14 11:55:18.931368 [INFO] Получен системный сигнал ядра Linux [interrupt]. Инициирован Graceful Shutdown...
[pcef-core-engine] 2026/06/14 11:55:20.688668 [INFO] Все сетевые сокеты и gRPC соединения успешно закрыты. Сервер остановлен штатно.
[pcef-core-engine] 2026/06/14 11:56:08.411955 [INFO] Запуск Исполнительного Ядра Трафика PCEF Core (User Plane Go Engine)...
[pcef-core-engine] 2026/06/14 11:56:08.414063 [INFO] Observability Core -> HTTP-порт сбора OpenTelemetry/Prometheus метрик успешно запущен на :8080/metrics
[pcef-core-engine] 2026/06/14 11:56:08.416251 [INFO] gRPC PCEF-Core поток обработки фреймов успешно запущен на :50052
[pcef-core-engine] 2026/06/14 11:56:11.490129 [INFO] PCEF Core Gx -> Сессия Абонента [192.168.1.50] успешно взведена в Reactive LRU Cache по сигналу PCRF
[pcef-core-engine] 2026/06/14 11:56:11.490129 [INFO] RPC SUCCESS [Method: /pb.DiameterGx/ProvisionPccRules] | Latency: 0s | Code: OK
[pcef-core-engine] 2026/06/14 11:56:11.490691 [INFO] PCEF Core Gx -> Сессия Абонента [192.168.1.51] успешно взведена в Reactive LRU Cache по сигналу PCRF
[pcef-core-engine] 2026/06/14 11:56:11.490691 [INFO] RPC SUCCESS [Method: /pb.DiameterGx/ProvisionPccRules] | Latency: 0s | Code: OK
[pcef-core-engine] 2026/06/14 11:56:35.375318 [ERROR] Ошибка конвейера диспетчеризации PCEF: architecture violation: unhandled composite bitmask condition [0xB]
[pcef-core-engine] 2026/06/14 11:57:18.472923 [INFO] Получен системный сигнал ядра Linux [interrupt]. Инициирован Graceful Shutdown...
[pcef-core-engine] 2026/06/14 11:57:20.227425 [INFO] Все сетевые сокеты и gRPC соединения успешно закрыты. Сервер остановлен штатно.
[pcef-core-engine] 2026/06/14 19:34:54.392426 [INFO] Запуск Исполнительного Ядра Трафика PCEF Core (User Plane Go Engine)...
[pcef-core-engine] 2026/06/14 19:34:54.394689 [INFO] Observability Core -> HTTP-порт сбора OpenTelemetry/Prometheus метрик успешно запущен на :8080/metrics
[pcef-core-engine] 2026/06/14 19:34:54.396339 [INFO] gRPC PCEF-Core поток обработки фреймов успешно запущен на :50052
[pcef-core-engine] 2026/06/14 19:34:58.530226 [INFO] PCEF Core Gx -> Сессия Абонента [192.168.1.50] успешно взведена в Reactive LRU Cache по сигналу PCRF
[pcef-core-engine] 2026/06/14 19:34:58.530226 [INFO] RPC SUCCESS [Method: /pb.DiameterGx/ProvisionPccRules] | Latency: 0s | Code: OK
[pcef-core-engine] 2026/06/14 19:34:58.530746 [INFO] PCEF Core Gx -> Сессия Абонента [192.168.1.51] успешно взведена в Reactive LRU Cache по сигналу PCRF
[pcef-core-engine] 2026/06/14 19:34:58.530746 [INFO] RPC SUCCESS [Method: /pb.DiameterGx/ProvisionPccRules] | Latency: 0s | Code: OK
[pcef-core-engine] 2026/06/14 19:35:11.778453 [INFO] Получен системный сигнал ядра Linux [interrupt]. Инициирован Graceful Shutdown...
[pcef-core-engine] 2026/06/14 19:35:13.633269 [INFO] Все сетевые сокеты и gRPC соединения успешно закрыты. Сервер остановлен штатно.
[pcef-core-engine] 2026/06/14 19:37:14.376117 [INFO] Запуск Исполнительного Ядра Трафика PCEF Core (User Plane Go Engine)...
[pcef-core-engine] 2026/06/14 19:37:14.377170 [INFO] Observability Core -> HTTP-порт сбора OpenTelemetry/Prometheus метрик успешно запущен на :8080/metrics
[pcef-core-engine] 2026/06/14 19:37:14.379824 [INFO] gRPC PCEF-Core поток обработки фреймов успешно запущен на :50052
[pcef-core-engine] 2026/06/14 19:37:17.411933 [INFO] PCEF Core Gx -> Сессия Абонента [192.168.1.50] успешно взведена в Reactive LRU Cache по сигналу PCRF
[pcef-core-engine] 2026/06/14 19:37:17.411933 [INFO] RPC SUCCESS [Method: /pb.DiameterGx/ProvisionPccRules] | Latency: 0s | Code: OK
[pcef-core-engine] 2026/06/14 19:37:17.412467 [INFO] PCEF Core Gx -> Сессия Абонента [192.168.1.51] успешно взведена в Reactive LRU Cache по сигналу PCRF
[pcef-core-engine] 2026/06/14 19:37:17.412467 [INFO] RPC SUCCESS [Method: /pb.DiameterGx/ProvisionPccRules] | Latency: 0s | Code: OK
[pcef-core-engine] 2026/06/14 19:37:29.240904 [INFO] Получен системный сигнал ядра Linux [interrupt]. Инициирован Graceful Shutdown...
[pcef-core-engine] 2026/06/14 19:37:30.731121 [INFO] Все сетевые сокеты и gRPC соединения успешно закрыты. Сервер остановлен штатно.
[pcef-core-engine] 2026/06/14 19:54:40.175527 [INFO] Запуск Исполнительного Ядра Трафика PCEF Core (User Plane Go Engine)...
[pcef-core-engine] 2026/06/14 19:54:40.187591 [INFO] Observability Core -> HTTP-порт сбора OpenTelemetry/Prometheus метрик успешно запущен на :8080/metrics
[pcef-core-engine] 2026/06/14 19:54:40.189677 [INFO] gRPC PCEF-Core поток обработки фреймов успешно запущен на :50052
[pcef-core-engine] 2026/06/14 19:54:47.720696 [INFO] Получен системный сигнал ядра Linux [interrupt]. Инициирован Graceful Shutdown...
[pcef-core-engine] 2026/06/14 19:54:47.722669 [INFO] Все сетевые сокеты и gRPC соединения успешно закрыты. Сервер остановлен штатно.
[pcef-core-engine] 2026/06/14 19:56:07.175958 [INFO] Запуск Исполнительного Ядра Трафика PCEF Core (User Plane Go Engine)...
[pcef-core-engine] 2026/06/14 19:56:07.178754 [INFO] Observability Core -> HTTP-порт сбора OpenTelemetry/Prometheus метрик успешно запущен на :8080/metrics
[pcef-core-engine] 2026/06/14 19:56:07.180607 [INFO] gRPC PCEF-Core поток обработки фреймов успешно запущен на :50052
[pcef-core-engine] 2026/06/14 19:56:10.168221 [INFO] PCEF Core Gx -> Сессия Абонента [192.168.1.50] успешно взведена в Reactive LRU Cache по сигналу PCRF
[pcef-core-engine] 2026/06/14 19:56:10.168981 [INFO] RPC SUCCESS [Method: /pb.DiameterGx/ProvisionPccRules] | Latency: 754.6µs | Code: OK
[pcef-core-engine] 2026/06/14 19:56:10.172181 [INFO] PCEF Core Gx -> Сессия Абонента [192.168.1.51] успешно взведена в Reactive LRU Cache по сигналу PCRF
[pcef-core-engine] 2026/06/14 19:56:10.172915 [INFO] RPC SUCCESS [Method: /pb.DiameterGx/ProvisionPccRules] | Latency: 760.7µs | Code: OK
[pcef-core-engine] 2026/06/14 19:56:15.149599 [INFO] Получен системный сигнал ядра Linux [interrupt]. Инициирован Graceful Shutdown...
[pcef-core-engine] 2026/06/14 19:56:17.078956 [INFO] Все сетевые сокеты и gRPC соединения успешно закрыты. Сервер остановлен штатно.
[pcef-core-engine] 2026/06/14 20:04:25.848455 [INFO] Запуск Исполнительного Ядра Трафика PCEF Core (User Plane Go Engine)...
[pcef-core-engine] 2026/06/14 20:04:25.849493 [INFO] Observability Core -> HTTP-порт сбора OpenTelemetry/Prometheus метрик успешно запущен на :8080/metrics
[pcef-core-engine] 2026/06/14 20:04:25.851575 [INFO] gRPC PCEF-Core поток обработки фреймов успешно запущен на :50052
[pcef-core-engine] 2026/06/14 20:04:26.525212 [INFO] Получен системный сигнал ядра Linux [interrupt]. Инициирован Graceful Shutdown...
[pcef-core-engine] 2026/06/14 20:04:26.528744 [INFO] Все сетевые сокеты и gRPC соединения успешно закрыты. Сервер остановлен штатно.
[pcef-core-engine] 2026/06/14 20:10:23.291547 [INFO] Запуск Исполнительного Ядра Трафика PCEF Core (User Plane Go Engine)...
[pcef-core-engine] 2026/06/14 20:10:23.301105 [INFO] Observability Core -> HTTP-порт сбора OpenTelemetry/Prometheus метрик успешно запущен на :8080/metrics
[pcef-core-engine] 2026/06/14 20:10:23.303309 [INFO] gRPC PCEF-Core поток обработки фреймов успешно запущен на :50052
[pcef-core-engine] 2026/06/14 20:10:26.282359 [INFO] PCEF Core Gx -> Сессия Абонента [192.168.1.50] успешно взведена в Reactive LRU Cache по сигналу PCRF
[pcef-core-engine] 2026/06/14 20:10:26.283404 [INFO] RPC SUCCESS [Method: /pb.DiameterGx/ProvisionPccRules] | Latency: 1.065819ms | Code: OK
[pcef-core-engine] 2026/06/14 20:10:26.288995 [INFO] PCEF Core Gx -> Сессия Абонента [192.168.1.51] успешно взведена в Reactive LRU Cache по сигналу PCRF
[pcef-core-engine] 2026/06/14 20:10:26.301088 [INFO] RPC SUCCESS [Method: /pb.DiameterGx/ProvisionPccRules] | Latency: 12.06766ms | Code: OK
[pcef-core-engine] 2026/06/14 20:10:30.858321 [INFO] Получен системный сигнал ядра Linux [interrupt]. Инициирован Graceful Shutdown...
[pcef-core-engine] 2026/06/14 20:10:32.806459 [INFO] Все сетевые сокеты и gRPC соединения успешно закрыты. Сервер остановлен штатно.
[pcef-core-engine] 2026/06/14 20:10:52.198712 [INFO] Запуск Исполнительного Ядра Трафика PCEF Core (User Plane Go Engine)...
[pcef-core-engine] 2026/06/14 20:10:52.201544 [INFO] Observability Core -> HTTP-порт сбора OpenTelemetry/Prometheus метрик успешно запущен на :8080/metrics
[pcef-core-engine] 2026/06/14 20:10:52.203828 [INFO] gRPC PCEF-Core поток обработки фреймов успешно запущен на :50052
[pcef-core-engine] 2026/06/14 20:10:55.189587 [INFO] PCEF Core Gx -> Сессия Абонента [192.168.1.50] успешно взведена в Reactive LRU Cache по сигналу PCRF
[pcef-core-engine] 2026/06/14 20:10:55.190672 [INFO] RPC SUCCESS [Method: /pb.DiameterGx/ProvisionPccRules] | Latency: 1.0871ms | Code: OK
[pcef-core-engine] 2026/06/14 20:10:55.195095 [INFO] PCEF Core Gx -> Сессия Абонента [192.168.1.51] успешно взведена в Reactive LRU Cache по сигналу PCRF
[pcef-core-engine] 2026/06/14 20:10:55.195728 [INFO] RPC SUCCESS [Method: /pb.DiameterGx/ProvisionPccRules] | Latency: 652.2µs | Code: OK
[pcef-core-engine] 2026/06/14 20:10:58.011351 [INFO] Получен системный сигнал ядра Linux [interrupt]. Инициирован Graceful Shutdown...
[pcef-core-engine] 2026/06/14 20:11:00.717697 [INFO] Все сетевые сокеты и gRPC соединения успешно закрыты. Сервер остановлен штатно.
[pcef-core-engine] 2026/06/14 20:13:48.558058 [INFO] Запуск Исполнительного Ядра Трафика PCEF Core (User Plane Go Engine)...
[pcef-core-engine] 2026/06/14 20:13:48.560799 [INFO] Observability Core -> HTTP-порт сбора OpenTelemetry/Prometheus метрик успешно запущен на :8080/metrics
[pcef-core-engine] 2026/06/14 20:13:48.562842 [INFO] gRPC PCEF-Core поток обработки фреймов успешно запущен на :50052
[pcef-core-engine] 2026/06/14 20:13:51.548059 [INFO] PCEF Core Gx -> Сессия Абонента [192.168.1.50] успешно взведена в Reactive LRU Cache по сигналу PCRF
[pcef-core-engine] 2026/06/14 20:13:51.549015 [INFO] RPC SUCCESS [Method: /pb.DiameterGx/ProvisionPccRules] | Latency: 964.773µs | Code: OK
[pcef-core-engine] 2026/06/14 20:13:51.555075 [INFO] PCEF Core Gx -> Сессия Абонента [192.168.1.51] успешно взведена в Reactive LRU Cache по сигналу PCRF
[pcef-core-engine] 2026/06/14 20:13:51.557062 [INFO] RPC SUCCESS [Method: /pb.DiameterGx/ProvisionPccRules] | Latency: 1.989052ms | Code: OK
[pcef-core-engine] 2026/06/14 20:13:56.933880 [INFO] Получен системный сигнал ядра Linux [interrupt]. Инициирован Graceful Shutdown...
[pcef-core-engine] 2026/06/14 20:13:58.863387 [INFO] Все сетевые сокеты и gRPC соединения успешно закрыты. Сервер остановлен штатно.
[pcef-core-engine] 2026/06/14 20:14:05.161794 [INFO] Запуск Исполнительного Ядра Трафика PCEF Core (User Plane Go Engine)...
[pcef-core-engine] 2026/06/14 20:14:05.164332 [INFO] Observability Core -> HTTP-порт сбора OpenTelemetry/Prometheus метрик успешно запущен на :8080/metrics
[pcef-core-engine] 2026/06/14 20:14:05.166202 [INFO] gRPC PCEF-Core поток обработки фреймов успешно запущен на :50052
[pcef-core-engine] 2026/06/14 20:14:08.154351 [INFO] PCEF Core Gx -> Сессия Абонента [192.168.1.50] успешно взведена в Reactive LRU Cache по сигналу PCRF
[pcef-core-engine] 2026/06/14 20:14:08.158240 [INFO] RPC SUCCESS [Method: /pb.DiameterGx/ProvisionPccRules] | Latency: 4.126768ms | Code: OK
[pcef-core-engine] 2026/06/14 20:14:08.165479 [INFO] PCEF Core Gx -> Сессия Абонента [192.168.1.51] успешно взведена в Reactive LRU Cache по сигналу PCRF
[pcef-core-engine] 2026/06/14 20:14:08.167386 [INFO] RPC SUCCESS [Method: /pb.DiameterGx/ProvisionPccRules] | Latency: 1.926587ms | Code: OK
[pcef-core-engine] 2026/06/14 20:14:08.442239 [INFO] Получен системный сигнал ядра Linux [interrupt]. Инициирован Graceful Shutdown...
[pcef-core-engine] 2026/06/14 20:14:10.387452 [INFO] Все сетевые сокеты и gRPC соединения успешно закрыты. Сервер остановлен штатно.
[pcef-core-engine] 2026/06/14 20:14:25.223468 [INFO] Запуск Исполнительного Ядра Трафика PCEF Core (User Plane Go Engine)...
[pcef-core-engine] 2026/06/14 20:14:25.226315 [INFO] Observability Core -> HTTP-порт сбора OpenTelemetry/Prometheus метрик успешно запущен на :8080/metrics
[pcef-core-engine] 2026/06/14 20:14:25.228581 [INFO] gRPC PCEF-Core поток обработки фреймов успешно запущен на :50052
[pcef-core-engine] 2026/06/14 20:14:28.213397 [INFO] PCEF Core Gx -> Сессия Абонента [192.168.1.50] успешно взведена в Reactive LRU Cache по сигналу PCRF
[pcef-core-engine] 2026/06/14 20:14:28.214961 [INFO] RPC SUCCESS [Method: /pb.DiameterGx/ProvisionPccRules] | Latency: 1.584564ms | Code: OK
[pcef-core-engine] 2026/06/14 20:14:28.257789 [INFO] PCEF Core Gx -> Сессия Абонента [192.168.1.51] успешно взведена в Reactive LRU Cache по сигналу PCRF
[pcef-core-engine] 2026/06/14 20:14:28.268365 [INFO] RPC SUCCESS [Method: /pb.DiameterGx/ProvisionPccRules] | Latency: 10.602601ms | Code: OK
[pcef-core-engine] 2026/06/14 20:14:31.036347 [INFO] Получен системный сигнал ядра Linux [interrupt]. Инициирован Graceful Shutdown...
[pcef-core-engine] 2026/06/14 20:14:32.993015 [INFO] Все сетевые сокеты и gRPC соединения успешно закрыты. Сервер остановлен штатно.
